Started GET "/" for ::1 at 2020-04-30 04:55:41 -0300
Processing by Rails::WelcomeController#index as HTML
  Rendering /home/muriloroque/.rbenv/versions/2.6.5/lib/ruby/gems/2.6.0/gems/railties-5.2.4.2/lib/rails/templates/rails/welcome/index.html.erb
  Rendered /home/muriloroque/.rbenv/versions/2.6.5/lib/ruby/gems/2.6.0/gems/railties-5.2.4.2/lib/rails/templates/rails/welcome/index.html.erb (2.2ms)
Completed 200 OK in 9ms (Views: 4.8ms | ActiveRecord: 0.0ms)


Started GET "/" for ::1 at 2020-04-30 05:07:04 -0300
Processing by PostsController#index as HTML
  Rendering posts/index.html.erb within layouts/application
  Rendered posts/index.html.erb within layouts/application (0.3ms)
Completed 200 OK in 1805ms (Views: 1804.3ms | ActiveRecord: 0.0ms)


Started GET "/about" for ::1 at 2020-04-30 05:11:58 -0300
Processing by PagesController#about as HTML
  Rendering pages/about.html.erb within layouts/application
  Rendered pages/about.html.erb within layouts/application (0.3ms)
Completed 200 OK in 66ms (Views: 64.7ms | ActiveRecord: 0.0ms)


Started GET "/about" for ::1 at 2020-04-30 05:19:13 -0300
Processing by PagesController#about as HTML
  Rendering pages/about.html.erb within layouts/application
  Rendered pages/about.html.erb within layouts/application (0.3ms)
Completed 200 OK in 15ms (Views: 14.5ms | ActiveRecord: 0.0ms)


Started GET "/about" for ::1 at 2020-04-30 05:21:19 -0300
Processing by PagesController#about as HTML
  Rendering pages/about.html.erb within layouts/application
  Rendered pages/about.html.erb within layouts/application (0.3ms)
Completed 200 OK in 13ms (Views: 12.3ms | ActiveRecord: 0.0ms)


Started GET "/posts/new" for ::1 at 2020-04-30 05:27:40 -0300
Processing by PostsController#new as HTML
  Rendering posts/new.html.erb within layouts/application
  Rendered posts/new.html.erb within layouts/application (0.2ms)
Completed 200 OK in 12ms (Views: 10.9ms | ActiveRecord: 0.0ms)


Started GET "/posts" for ::1 at 2020-04-30 05:27:57 -0300
Processing by PostsController#index as HTML
  Rendering posts/index.html.erb within layouts/application
  Rendered posts/index.html.erb within layouts/application (0.5ms)
Completed 200 OK in 23ms (Views: 21.5ms | ActiveRecord: 0.0ms)


Started GET "/posts" for ::1 at 2020-04-30 05:28:36 -0300
Processing by PostsController#index as HTML
  Rendering posts/index.html.erb within layouts/application
  Rendered posts/index.html.erb within layouts/application (0.4ms)
Completed 200 OK in 17ms (Views: 15.7ms | ActiveRecord: 0.0ms)


Started GET "/posts/new" for ::1 at 2020-04-30 05:28:45 -0300
Processing by PostsController#new as HTML
  Rendering posts/new.html.erb within layouts/application
  Rendered posts/new.html.erb within layouts/application (0.4ms)
Completed 200 OK in 19ms (Views: 17.6ms | ActiveRecord: 0.0ms)


Started GET "/posts/new" for ::1 at 2020-04-30 05:33:32 -0300
Processing by PostsController#new as HTML
  Rendering posts/new.html.erb within layouts/application
  Rendered posts/new.html.erb within layouts/application (82.5ms)
Completed 200 OK in 106ms (Views: 103.5ms | ActiveRecord: 0.0ms)


Started GET "/posts/new" for ::1 at 2020-04-30 06:09:30 -0300
Processing by PostsController#new as HTML
  Rendering posts/new.html.erb within layouts/application
  Rendered posts/new.html.erb within layouts/application (1.2ms)
Completed 200 OK in 13ms (Views: 12.0ms | ActiveRecord: 0.0ms)


Started POST "/posts" for ::1 at 2020-04-30 06:09:33 -0300
Processing by PostsController#create as HTML
  Parameters: {"utf8"=>"✓", "authenticity_token"=>"CKDWXoWSuoSG0WTHXqqF6DZOiI9z2y4caO/zCxMrpMyBU+tMc7ys68KTdD9uMN4LDgu4yTI6ycgY67cr+7iEmw==", "post"=>{"title"=>"ssss", "body"=>"ssss"}, "commit"=>"Save Post"}
  Rendering text template
  Rendered text template (0.0ms)
Completed 200 OK in 3ms (Views: 1.9ms | ActiveRecord: 0.0ms)


  [1m[35m (0.1ms)[0m  [1m[34mSELECT sqlite_version(*)[0m
  ↳ /home/muriloroque/.rbenv/versions/2.6.5/bin/rake:23
  [1m[35m (183.8ms)[0m  [1m[35mCREATE TABLE "schema_migrations" ("version" varchar NOT NULL PRIMARY KEY)[0m
  ↳ /home/muriloroque/.rbenv/versions/2.6.5/bin/rake:23
  [1m[35m (178.8ms)[0m  [1m[35mCREATE TABLE "ar_internal_metadata" ("key" varchar NOT NULL PRIMARY KEY, "value" varchar, "created_at" datetime NOT NULL, "updated_at" datetime NOT NULL)[0m
  ↳ /home/muriloroque/.rbenv/versions/2.6.5/bin/rake:23
  [1m[35m (0.5ms)[0m  [1m[34mSELECT "schema_migrations"."version" FROM "schema_migrations" ORDER BY "schema_migrations"."version" ASC[0m
  ↳ /home/muriloroque/.rbenv/versions/2.6.5/bin/rake:23
Migrating to CreatePosts (20200430092524)
  [1m[35m (0.1ms)[0m  [1m[36mbegin transaction[0m
  ↳ /home/muriloroque/.rbenv/versions/2.6.5/bin/rake:23
  [1m[35m (0.6ms)[0m  [1m[35mCREATE TABLE "posts" ("id" integer PRIMARY KEY AUTOINCREMENT NOT NULL, "title" varchar, "body" text, "created_at" datetime NOT NULL, "updated_at" datetime NOT NULL)[0m
  ↳ db/migrate/20200430092524_create_posts.rb:3
  [1m[36mActiveRecord::SchemaMigration Create (0.2ms)[0m  [1m[32mINSERT INTO "schema_migrations" ("version") VALUES (?)[0m  [["version", "20200430092524"]]
  ↳ /home/muriloroque/.rbenv/versions/2.6.5/bin/rake:23
  [1m[35m (434.2ms)[0m  [1m[36mcommit transaction[0m
  ↳ /home/muriloroque/.rbenv/versions/2.6.5/bin/rake:23
  [1m[36mActiveRecord::InternalMetadata Load (0.4ms)[0m  [1m[34mSELECT  "ar_internal_metadata".* FROM "ar_internal_metadata" WHERE "ar_internal_metadata"."key" = ? LIMIT ?[0m  [["key", "environment"], ["LIMIT", 1]]
  ↳ /home/muriloroque/.rbenv/versions/2.6.5/bin/rake:23
  [1m[35m (0.1ms)[0m  [1m[36mbegin transaction[0m
  ↳ /home/muriloroque/.rbenv/versions/2.6.5/bin/rake:23
  [1m[36mActiveRecord::InternalMetadata Create (0.6ms)[0m  [1m[32mINSERT INTO "ar_internal_metadata" ("key", "value", "created_at", "updated_at") VALUES (?, ?, ?, ?)[0m  [["key", "environment"], ["value", "development"], ["created_at", "2020-04-30 09:26:43.609776"], ["updated_at", "2020-04-30 09:26:43.609776"]]
  ↳ /home/muriloroque/.rbenv/versions/2.6.5/bin/rake:23
  [1m[35m (147.8ms)[0m  [1m[36mcommit transaction[0m
  ↳ /home/muriloroque/.rbenv/versions/2.6.5/bin/rake:23
  [1m[35m (0.3ms)[0m  [1m[34mSELECT "schema_migrations"."version" FROM "schema_migrations" ORDER BY "schema_migrations"."version" ASC[0m
  ↳ /home/muriloroque/.rbenv/versions/2.6.5/bin/rake:23
Started GET "/posts/new" for ::1 at 2020-04-30 06:46:55 -0300
  [1m[35m (0.4ms)[0m  [1m[34mSELECT "schema_migrations"."version" FROM "schema_migrations" ORDER BY "schema_migrations"."version" ASC[0m
  ↳ /home/muriloroque/.rbenv/versions/2.6.5/lib/ruby/gems/2.6.0/gems/activerecord-5.2.4.2/lib/active_record/log_subscriber.rb:98
Processing by PostsController#new as HTML
  Rendering posts/new.html.erb within layouts/application
  Rendered posts/new.html.erb within layouts/application (1.5ms)
Completed 200 OK in 109ms (Views: 107.6ms | ActiveRecord: 0.0ms)


Started POST "/posts" for ::1 at 2020-04-30 06:46:59 -0300
Processing by PostsController#create as HTML
  Parameters: {"utf8"=>"✓", "authenticity_token"=>"S3bHxhqli8B8r8qaa4PakhCOim+DwFgQ4coQwwCAXgzChfrU7Iudrzjt2mJbGYFxKMu6KcIhv8SRzlTj6BN+Ww==", "post"=>{"title"=>"sss", "body"=>"sss"}, "commit"=>"Save Post"}
Completed 500 Internal Server Error in 101ms (ActiveRecord: 2.2ms)


  
ActiveModel::ForbiddenAttributesError (ActiveModel::ForbiddenAttributesError):
  
app/controllers/posts_controller.rb:12:in `create'
Started GET "/posts/new" for ::1 at 2020-04-30 06:50:54 -0300
Processing by PostsController#new as HTML
  Rendering posts/new.html.erb within layouts/application
  Rendered posts/new.html.erb within layouts/application (1.4ms)
Completed 200 OK in 14ms (Views: 13.0ms | ActiveRecord: 0.0ms)


Started POST "/posts" for ::1 at 2020-04-30 06:51:04 -0300
Processing by PostsController#create as HTML
  Parameters: {"utf8"=>"✓", "authenticity_token"=>"RSwDPcDsTaqHEUNETQUPGsb21VaSeiyhpZll1tpKW1bM3z4vNsJbxcNTU7x9n1T5/rPlENOby3XVnSH2Mtl7AQ==", "post"=>{"title"=>"Post 1", "body"=>"This is post 1"}, "commit"=>"Save Post"}
  [1m[35m (0.1ms)[0m  [1m[36mbegin transaction[0m
  ↳ app/controllers/posts_controller.rb:18
  [1m[36mPost Create (0.3ms)[0m  [1m[32mINSERT INTO "posts" ("title", "body", "created_at", "updated_at") VALUES (?, ?, ?, ?)[0m  [["title", "Post 1"], ["body", "This is post 1"], ["created_at", "2020-04-30 09:51:04.594465"], ["updated_at", "2020-04-30 09:51:04.594465"]]
  ↳ app/controllers/posts_controller.rb:18
  [1m[35m (542.4ms)[0m  [1m[36mcommit transaction[0m
  ↳ app/controllers/posts_controller.rb:18
Redirected to http://localhost:3000/posts/1
Completed 302 Found in 566ms (ActiveRecord: 544.9ms)


Started GET "/posts/1" for ::1 at 2020-04-30 06:51:05 -0300
Processing by PostsController#show as HTML
  Parameters: {"id"=>"1"}
  [1m[36mPost Load (0.5ms)[0m  [1m[34mSELECT  "posts".* FROM "posts" WHERE "posts"."id" = ? LIMIT ?[0m  [["id", 1], ["LIMIT", 1]]
  ↳ app/controllers/posts_controller.rb:7
  Rendering posts/show.html.erb within layouts/application
  Rendered posts/show.html.erb within layouts/application (0.3ms)
Completed 200 OK in 98ms (Views: 13.5ms | ActiveRecord: 0.5ms)


Started GET "/" for ::1 at 2020-04-30 06:59:48 -0300
Processing by PostsController#index as HTML
  Rendering posts/index.html.erb within layouts/application
  [1m[36mPost Load (0.1ms)[0m  [1m[34mSELECT "posts".* FROM "posts"[0m
  ↳ app/views/posts/index.html.erb:2
  Rendered posts/index.html.erb within layouts/application (4.9ms)
Completed 200 OK in 18ms (Views: 15.7ms | ActiveRecord: 0.6ms)


Started GET "/" for ::1 at 2020-04-30 07:02:42 -0300
Processing by PostsController#index as HTML
  Rendering posts/index.html.erb within layouts/application
  [1m[36mPost Load (0.3ms)[0m  [1m[34mSELECT "posts".* FROM "posts"[0m
  ↳ app/views/posts/index.html.erb:2
  Rendered posts/index.html.erb within layouts/application (2.6ms)
Completed 200 OK in 33ms (Views: 29.9ms | ActiveRecord: 0.3ms)


Started GET "/" for ::1 at 2020-04-30 07:29:17 -0300
Processing by PostsController#index as HTML
  Rendering posts/index.html.erb within layouts/application
  [1m[36mPost Load (0.2ms)[0m  [1m[34mSELECT "posts".* FROM "posts"[0m
  ↳ app/views/posts/index.html.erb:2
  Rendered posts/index.html.erb within layouts/application (6.2ms)
Completed 200 OK in 23ms (Views: 20.8ms | ActiveRecord: 0.8ms)


Started GET "/" for ::1 at 2020-04-30 07:29:21 -0300
Processing by PostsController#index as HTML
  Rendering posts/index.html.erb within layouts/application
  [1m[36mPost Load (0.4ms)[0m  [1m[34mSELECT "posts".* FROM "posts"[0m
  ↳ app/views/posts/index.html.erb:2
  Rendered posts/index.html.erb within layouts/application (3.3ms)
Completed 200 OK in 32ms (Views: 29.1ms | ActiveRecord: 0.4ms)


Started GET "/" for ::1 at 2020-04-30 07:29:23 -0300
Processing by PostsController#index as HTML
  Rendering posts/index.html.erb within layouts/application
  [1m[36mPost Load (0.4ms)[0m  [1m[34mSELECT "posts".* FROM "posts"[0m
  ↳ app/views/posts/index.html.erb:2
  Rendered posts/index.html.erb within layouts/application (4.4ms)
Completed 200 OK in 36ms (Views: 32.5ms | ActiveRecord: 0.4ms)


Started GET "/" for ::1 at 2020-04-30 07:30:15 -0300
Processing by PostsController#index as HTML
  Rendering posts/index.html.erb within layouts/application
  [1m[36mPost Load (0.1ms)[0m  [1m[34mSELECT "posts".* FROM "posts"[0m
  ↳ app/views/posts/index.html.erb:2
  Rendered posts/index.html.erb within layouts/application (1.0ms)
Completed 200 OK in 17ms (Views: 15.9ms | ActiveRecord: 0.1ms)


Started GET "/" for ::1 at 2020-04-30 07:30:17 -0300
Processing by PostsController#index as HTML
  Rendering posts/index.html.erb within layouts/application
  [1m[36mPost Load (0.2ms)[0m  [1m[34mSELECT "posts".* FROM "posts"[0m
  ↳ app/views/posts/index.html.erb:2
  Rendered posts/index.html.erb within layouts/application (2.1ms)
Completed 200 OK in 25ms (Views: 22.3ms | ActiveRecord: 0.2ms)


Started GET "/" for ::1 at 2020-04-30 07:30:30 -0300
Processing by PostsController#index as HTML
  Rendering posts/index.html.erb within layouts/application
  [1m[36mPost Load (0.4ms)[0m  [1m[34mSELECT "posts".* FROM "posts"[0m
  ↳ app/views/posts/index.html.erb:2
  Rendered posts/index.html.erb within layouts/application (3.8ms)
Completed 200 OK in 37ms (Views: 34.4ms | ActiveRecord: 0.4ms)


Started GET "/" for ::1 at 2020-04-30 07:30:34 -0300
Processing by PostsController#index as HTML
  Rendering posts/index.html.erb within layouts/application
  [1m[36mPost Load (0.1ms)[0m  [1m[34mSELECT "posts".* FROM "posts"[0m
  ↳ app/views/posts/index.html.erb:2
  Rendered posts/index.html.erb within layouts/application (1.5ms)
Completed 200 OK in 19ms (Views: 17.3ms | ActiveRecord: 0.1ms)


Started GET "/" for ::1 at 2020-04-30 07:31:01 -0300
Processing by PostsController#index as HTML
  Rendering posts/index.html.erb within layouts/application
  [1m[36mPost Load (0.1ms)[0m  [1m[34mSELECT "posts".* FROM "posts"[0m
  ↳ app/views/posts/index.html.erb:2
  Rendered posts/index.html.erb within layouts/application (5.0ms)
Completed 200 OK in 19ms (Views: 16.3ms | ActiveRecord: 0.6ms)


Started GET "/" for ::1 at 2020-04-30 07:32:02 -0300
Processing by PostsController#index as HTML
  Rendering posts/index.html.erb within layouts/application
  [1m[36mPost Load (0.2ms)[0m  [1m[34mSELECT "posts".* FROM "posts"[0m
  ↳ app/views/posts/index.html.erb:2
  Rendered posts/index.html.erb within layouts/application (5.6ms)
Completed 200 OK in 34ms (Views: 31.2ms | ActiveRecord: 0.8ms)


Started GET "/" for ::1 at 2020-04-30 07:32:04 -0300
Processing by PostsController#index as HTML
  Rendering posts/index.html.erb within layouts/application
  [1m[36mPost Load (0.3ms)[0m  [1m[34mSELECT "posts".* FROM "posts"[0m
  ↳ app/views/posts/index.html.erb:2
  Rendered posts/index.html.erb within layouts/application (3.1ms)
Completed 200 OK in 32ms (Views: 29.2ms | ActiveRecord: 0.3ms)


Started GET "/" for ::1 at 2020-04-30 07:32:05 -0300
Processing by PostsController#index as HTML
  Rendering posts/index.html.erb within layouts/application
  [1m[36mPost Load (0.5ms)[0m  [1m[34mSELECT "posts".* FROM "posts"[0m
  ↳ app/views/posts/index.html.erb:2
  Rendered posts/index.html.erb within layouts/application (4.4ms)
Completed 200 OK in 37ms (Views: 34.2ms | ActiveRecord: 0.5ms)


Started GET "/" for ::1 at 2020-04-30 07:41:08 -0300
Processing by PostsController#index as HTML
  Rendering posts/index.html.erb within layouts/application
  [1m[36mPost Load (0.5ms)[0m  [1m[34mSELECT "posts".* FROM "posts"[0m
  ↳ app/views/posts/index.html.erb:2
  Rendered posts/index.html.erb within layouts/application (4.1ms)
Completed 200 OK in 36ms (Views: 32.9ms | ActiveRecord: 0.5ms)


Started GET "/" for ::1 at 2020-04-30 07:41:12 -0300
Processing by PostsController#index as HTML
  Rendering posts/index.html.erb within layouts/application
  [1m[36mPost Load (0.4ms)[0m  [1m[34mSELECT "posts".* FROM "posts"[0m
  ↳ app/views/posts/index.html.erb:2
  Rendered posts/index.html.erb within layouts/application (3.4ms)
Completed 200 OK in 31ms (Views: 28.3ms | ActiveRecord: 0.4ms)


Started GET "/" for ::1 at 2020-04-30 07:46:21 -0300
Processing by PostsController#index as HTML
  Rendering posts/index.html.erb within layouts/application
  [1m[36mPost Load (0.3ms)[0m  [1m[34mSELECT "posts".* FROM "posts"[0m
  ↳ app/views/posts/index.html.erb:2
  Rendered posts/index.html.erb within layouts/application (2.9ms)
Completed 200 OK in 34ms (Views: 31.6ms | ActiveRecord: 0.3ms)


Started GET "/" for ::1 at 2020-04-30 07:46:22 -0300
Processing by PostsController#index as HTML
  Rendering posts/index.html.erb within layouts/application
  [1m[36mPost Load (0.3ms)[0m  [1m[34mSELECT "posts".* FROM "posts"[0m
  ↳ app/views/posts/index.html.erb:2
  Rendered posts/index.html.erb within layouts/application (2.6ms)
Completed 200 OK in 29ms (Views: 26.0ms | ActiveRecord: 0.3ms)


Started GET "/posts/new" for ::1 at 2020-04-30 07:46:24 -0300
Processing by PostsController#new as HTML
  Rendering posts/new.html.erb within layouts/application
  Rendered posts/new.html.erb within layouts/application (6.1ms)
Completed 200 OK in 38ms (Views: 34.8ms | ActiveRecord: 0.0ms)


Started GET "/" for ::1 at 2020-04-30 07:46:25 -0300
Processing by PostsController#index as HTML
  Rendering posts/index.html.erb within layouts/application
  [1m[36mPost Load (0.3ms)[0m  [1m[34mSELECT "posts".* FROM "posts"[0m
  ↳ app/views/posts/index.html.erb:2
  Rendered posts/index.html.erb within layouts/application (4.0ms)
Completed 200 OK in 38ms (Views: 35.6ms | ActiveRecord: 0.3ms)


Started GET "/" for ::1 at 2020-04-30 07:46:52 -0300
Processing by PostsController#index as HTML
  Rendering posts/index.html.erb within layouts/application
  [1m[36mPost Load (0.3ms)[0m  [1m[34mSELECT "posts".* FROM "posts"[0m
  ↳ app/views/posts/index.html.erb:2
  Rendered posts/index.html.erb within layouts/application (2.8ms)
Completed 200 OK in 52ms (Views: 49.2ms | ActiveRecord: 0.3ms)


Started GET "/" for ::1 at 2020-04-30 07:46:55 -0300
Processing by PostsController#index as HTML
  Rendering posts/index.html.erb within layouts/application
  [1m[36mPost Load (0.3ms)[0m  [1m[34mSELECT "posts".* FROM "posts"[0m
  ↳ app/views/posts/index.html.erb:2
  Rendered posts/index.html.erb within layouts/application (2.8ms)
Completed 200 OK in 26ms (Views: 23.2ms | ActiveRecord: 0.3ms)


Started GET "/posts/new" for ::1 at 2020-04-30 07:46:56 -0300
Processing by PostsController#new as HTML
  Rendering posts/new.html.erb within layouts/application
  Rendered posts/new.html.erb within layouts/application (4.7ms)
Completed 200 OK in 41ms (Views: 38.8ms | ActiveRecord: 0.0ms)


Started GET "/" for ::1 at 2020-04-30 07:46:57 -0300
Processing by PostsController#index as HTML
  Rendering posts/index.html.erb within layouts/application
  [1m[36mPost Load (0.4ms)[0m  [1m[34mSELECT "posts".* FROM "posts"[0m
  ↳ app/views/posts/index.html.erb:2
  Rendered posts/index.html.erb within layouts/application (3.7ms)
Completed 200 OK in 59ms (Views: 56.0ms | ActiveRecord: 0.4ms)


Started GET "/" for ::1 at 2020-04-30 07:48:15 -0300
Processing by PostsController#index as HTML
  Rendering posts/index.html.erb within layouts/application
  [1m[36mPost Load (0.3ms)[0m  [1m[34mSELECT "posts".* FROM "posts"[0m
  ↳ app/views/posts/index.html.erb:2
  Rendered posts/index.html.erb within layouts/application (2.6ms)
Completed 200 OK in 29ms (Views: 25.8ms | ActiveRecord: 0.3ms)


Started GET "/" for ::1 at 2020-04-30 07:49:35 -0300
Processing by PostsController#index as HTML
  Rendering posts/index.html.erb within layouts/application
  [1m[36mPost Load (0.3ms)[0m  [1m[34mSELECT "posts".* FROM "posts"[0m
  ↳ app/views/posts/index.html.erb:2
  Rendered posts/index.html.erb within layouts/application (2.8ms)
Completed 200 OK in 35ms (Views: 33.0ms | ActiveRecord: 0.3ms)


Started GET "/" for ::1 at 2020-04-30 07:56:30 -0300
Processing by PostsController#index as HTML
  Rendering posts/index.html.erb within layouts/application
  [1m[36mPost Load (0.6ms)[0m  [1m[34mSELECT "posts".* FROM "posts"[0m
  ↳ app/views/posts/index.html.erb:2
  Rendered posts/index.html.erb within layouts/application (4.0ms)
Completed 200 OK in 36ms (Views: 32.6ms | ActiveRecord: 0.6ms)


Started GET "/" for ::1 at 2020-04-30 07:59:35 -0300
Processing by PostsController#index as HTML
  Rendering posts/index.html.erb within layouts/application
  [1m[36mPost Load (0.3ms)[0m  [1m[34mSELECT "posts".* FROM "posts"[0m
  ↳ app/views/posts/index.html.erb:2
  Rendered posts/index.html.erb within layouts/application (2.9ms)
Completed 200 OK in 28ms (Views: 25.4ms | ActiveRecord: 0.3ms)


Started GET "/" for ::1 at 2020-04-30 08:00:44 -0300
Processing by PostsController#index as HTML
  Rendering posts/index.html.erb within layouts/application
  [1m[36mPost Load (0.3ms)[0m  [1m[34mSELECT "posts".* FROM "posts"[0m
  ↳ app/views/posts/index.html.erb:2
  Rendered posts/index.html.erb within layouts/application (2.7ms)
Completed 200 OK in 30ms (Views: 27.8ms | ActiveRecord: 0.3ms)


Started GET "/" for ::1 at 2020-04-30 08:01:29 -0300
Processing by PostsController#index as HTML
  Rendering posts/index.html.erb within layouts/application
  [1m[36mPost Load (0.2ms)[0m  [1m[34mSELECT "posts".* FROM "posts"[0m
  ↳ app/views/posts/index.html.erb:2
  Rendered posts/index.html.erb within layouts/application (2.7ms)
Completed 200 OK in 26ms (Views: 23.6ms | ActiveRecord: 0.2ms)


Started GET "/" for ::1 at 2020-04-30 08:01:50 -0300
Processing by PostsController#index as HTML
  Rendering posts/index.html.erb within layouts/application
  [1m[36mPost Load (0.3ms)[0m  [1m[34mSELECT "posts".* FROM "posts"[0m
  ↳ app/views/posts/index.html.erb:2
  Rendered posts/index.html.erb within layouts/application (2.8ms)
Completed 200 OK in 34ms (Views: 31.1ms | ActiveRecord: 0.3ms)


Started GET "/" for ::1 at 2020-04-30 08:01:58 -0300
Processing by PostsController#index as HTML
  Rendering posts/index.html.erb within layouts/application
  [1m[36mPost Load (0.3ms)[0m  [1m[34mSELECT "posts".* FROM "posts"[0m
  ↳ app/views/posts/index.html.erb:2
  Rendered posts/index.html.erb within layouts/application (2.7ms)
Completed 200 OK in 35ms (Views: 33.1ms | ActiveRecord: 0.3ms)


Started GET "/" for ::1 at 2020-04-30 08:03:02 -0300
Processing by PostsController#index as HTML
  Rendering posts/index.html.erb within layouts/application
  [1m[36mPost Load (0.3ms)[0m  [1m[34mSELECT "posts".* FROM "posts"[0m
  ↳ app/views/posts/index.html.erb:2
  Rendered posts/index.html.erb within layouts/application (3.3ms)
Completed 200 OK in 29ms (Views: 26.0ms | ActiveRecord: 0.3ms)


Started GET "/" for ::1 at 2020-04-30 08:03:09 -0300
Processing by PostsController#index as HTML
  Rendering posts/index.html.erb within layouts/application
  [1m[36mPost Load (0.3ms)[0m  [1m[34mSELECT "posts".* FROM "posts"[0m
  ↳ app/views/posts/index.html.erb:2
  Rendered posts/index.html.erb within layouts/application (3.1ms)
Completed 200 OK in 52ms (Views: 48.5ms | ActiveRecord: 0.3ms)


Started GET "/" for ::1 at 2020-04-30 08:03:31 -0300
Processing by PostsController#index as HTML
  Rendering posts/index.html.erb within layouts/application
  [1m[36mPost Load (0.4ms)[0m  [1m[34mSELECT "posts".* FROM "posts"[0m
  ↳ app/views/posts/index.html.erb:2
  Rendered posts/index.html.erb within layouts/application (3.5ms)
Completed 200 OK in 51ms (Views: 48.4ms | ActiveRecord: 0.4ms)


Started GET "/" for ::1 at 2020-04-30 08:04:48 -0300
Processing by PostsController#index as HTML
  Rendering posts/index.html.erb within layouts/application
  [1m[36mPost Load (0.3ms)[0m  [1m[34mSELECT "posts".* FROM "posts"[0m
  ↳ app/views/posts/index.html.erb:2
  Rendered posts/index.html.erb within layouts/application (2.7ms)
Completed 200 OK in 39ms (Views: 36.3ms | ActiveRecord: 0.3ms)


Started GET "/" for ::1 at 2020-04-30 09:04:15 -0300
Processing by PostsController#index as HTML
  Rendering posts/index.html.erb within layouts/application
  [1m[36mPost Load (0.4ms)[0m  [1m[34mSELECT "posts".* FROM "posts"[0m
  ↳ app/views/posts/index.html.erb:2
  Rendered posts/index.html.erb within layouts/application (3.3ms)
Completed 200 OK in 35ms (Views: 32.1ms | ActiveRecord: 0.4ms)


Started GET "/posts/new" for ::1 at 2020-04-30 10:24:13 -0300
Processing by PostsController#new as HTML
  Rendering posts/new.html.erb within layouts/application
  Rendered posts/new.html.erb within layouts/application (4.5ms)
Completed 200 OK in 35ms (Views: 32.3ms | ActiveRecord: 0.0ms)


Started POST "/posts" for ::1 at 2020-04-30 10:24:25 -0300
Processing by PostsController#create as HTML
  Parameters: {"utf8"=>"✓", "authenticity_token"=>"xrLBKs6OqK6SSIBWkiyOmImXxb+BABq52TbknN8nft+VA72F6ArEvC6TfA0AIa0Zau8mBXGTdjblIgQUHc51RA==", "post"=>{"title"=>"Post 2", "body"=>"This is post 2"}, "commit"=>"Save Post"}
  [1m[35m (0.2ms)[0m  [1m[36mbegin transaction[0m
  ↳ app/controllers/posts_controller.rb:17
  [1m[36mPost Create (0.5ms)[0m  [1m[32mINSERT INTO "posts" ("title", "body", "created_at", "updated_at") VALUES (?, ?, ?, ?)[0m  [["title", "Post 2"], ["body", "This is post 2"], ["created_at", "2020-04-30 13:24:25.927647"], ["updated_at", "2020-04-30 13:24:25.927647"]]
  ↳ app/controllers/posts_controller.rb:17
  [1m[35m (799.2ms)[0m  [1m[36mcommit transaction[0m
  ↳ app/controllers/posts_controller.rb:17
Redirected to http://localhost:3000/posts/2
Completed 302 Found in 810ms (ActiveRecord: 799.9ms)


Started GET "/posts/2" for ::1 at 2020-04-30 10:24:26 -0300
Processing by PostsController#show as HTML
  Parameters: {"id"=>"2"}
  [1m[36mPost Load (0.4ms)[0m  [1m[34mSELECT  "posts".* FROM "posts" WHERE "posts"."id" = ? LIMIT ?[0m  [["id", 2], ["LIMIT", 1]]
  ↳ app/controllers/posts_controller.rb:7
  Rendering posts/show.html.erb within layouts/application
  Rendered posts/show.html.erb within layouts/application (1.0ms)
Completed 200 OK in 27ms (Views: 22.8ms | ActiveRecord: 0.4ms)


Started GET "/" for ::1 at 2020-04-30 10:24:28 -0300
Processing by PostsController#index as HTML
  Rendering posts/index.html.erb within layouts/application
  [1m[36mPost Load (0.4ms)[0m  [1m[34mSELECT "posts".* FROM "posts"[0m
  ↳ app/views/posts/index.html.erb:2
  Rendered posts/index.html.erb within layouts/application (3.2ms)
Completed 200 OK in 39ms (Views: 36.3ms | ActiveRecord: 0.4ms)


Started GET "/" for ::1 at 2020-04-30 10:26:16 -0300
Processing by PostsController#index as HTML
  Rendering posts/index.html.erb within layouts/application
  [1m[36mPost Load (0.3ms)[0m  [1m[34mSELECT "posts".* FROM "posts"[0m
  ↳ app/views/posts/index.html.erb:2
  Rendered posts/index.html.erb within layouts/application (2.9ms)
Completed 200 OK in 38ms (Views: 34.8ms | ActiveRecord: 0.3ms)


Started GET "/posts/new" for ::1 at 2020-04-30 10:26:17 -0300
Processing by PostsController#new as HTML
  Rendering posts/new.html.erb within layouts/application
  Rendered posts/new.html.erb within layouts/application (1.8ms)
Completed 500 Internal Server Error in 8ms (ActiveRecord: 0.0ms)


  
SyntaxError (/home/muriloroque/Desktop/Microverse/Ruby-On-Rails/Ruby-On-Rails-Training-App/simple_blog/app/views/posts/new.html.erb:5: syntax error, unexpected ',', expecting ')'
....append=( f.text_field (:title, {:class => 'form-control'}) ...
...                              ^
/home/muriloroque/Desktop/Microverse/Ruby-On-Rails/Ruby-On-Rails-Training-App/simple_blog/app/views/posts/new.html.erb:5: syntax error, unexpected '}', expecting ')'
...tle, {:class => 'form-control'}) );@output_buffer.safe_appen...
...                              ^
/home/muriloroque/Desktop/Microverse/Ruby-On-Rails/Ruby-On-Rails-Training-App/simple_blog/app/views/posts/new.html.erb:10: syntax error, unexpected ',', expecting ')'
...er.append=( f.text_area (:body, {:class => 'form-control'}) ...
...                              ^
/home/muriloroque/Desktop/Microverse/Ruby-On-Rails/Ruby-On-Rails-Training-App/simple_blog/app/views/posts/new.html.erb:10: syntax error, unexpected '}', expecting ')'
...ody, {:class => 'form-control'}) );@output_buffer.safe_appen...
...                              ^
/home/muriloroque/Desktop/Microverse/Ruby-On-Rails/Ruby-On-Rails-Training-App/simple_blog/app/views/posts/new.html.erb:16: syntax error, unexpected end, expecting ')'
'.freeze; end ;
          ^~~
/home/muriloroque/Desktop/Microverse/Ruby-On-Rails/Ruby-On-Rails-Training-App/simple_blog/app/views/posts/new.html.erb:18: syntax error, unexpected ensure, expecting ')'
          ensure
          ^~~~~~
/home/muriloroque/Desktop/Microverse/Ruby-On-Rails/Ruby-On-Rails-Training-App/simple_blog/app/views/posts/new.html.erb:20: syntax error, unexpected end, expecting ')'
          end
          ^~~):
  
app/views/posts/new.html.erb:5: syntax error, unexpected ',', expecting ')'
app/views/posts/new.html.erb:5: syntax error, unexpected '}', expecting ')'
app/views/posts/new.html.erb:10: syntax error, unexpected ',', expecting ')'
app/views/posts/new.html.erb:10: syntax error, unexpected '}', expecting ')'
app/views/posts/new.html.erb:16: syntax error, unexpected end, expecting ')'
app/views/posts/new.html.erb:18: syntax error, unexpected ensure, expecting ')'
app/views/posts/new.html.erb:20: syntax error, unexpected end, expecting ')'
Started GET "/" for ::1 at 2020-04-30 10:27:11 -0300
Processing by PostsController#index as HTML
  Rendering posts/index.html.erb within layouts/application
  [1m[36mPost Load (0.1ms)[0m  [1m[34mSELECT "posts".* FROM "posts"[0m
  ↳ app/views/posts/index.html.erb:2
  Rendered posts/index.html.erb within layouts/application (1.3ms)
Completed 200 OK in 18ms (Views: 17.2ms | ActiveRecord: 0.1ms)


Started GET "/" for ::1 at 2020-04-30 10:27:12 -0300
Processing by PostsController#index as HTML
  Rendering posts/index.html.erb within layouts/application
  [1m[36mPost Load (0.3ms)[0m  [1m[34mSELECT "posts".* FROM "posts"[0m
  ↳ app/views/posts/index.html.erb:2
  Rendered posts/index.html.erb within layouts/application (3.1ms)
Completed 200 OK in 33ms (Views: 30.6ms | ActiveRecord: 0.3ms)


Started GET "/posts/new" for ::1 at 2020-04-30 10:27:14 -0300
Processing by PostsController#new as HTML
  Rendering posts/new.html.erb within layouts/application
  Rendered posts/new.html.erb within layouts/application (1.8ms)
Completed 500 Internal Server Error in 8ms (ActiveRecord: 0.0ms)


  
SyntaxError (/home/muriloroque/Desktop/Microverse/Ruby-On-Rails/Ruby-On-Rails-Training-App/simple_blog/app/views/posts/new.html.erb:5: syntax error, unexpected ',', expecting ')'
....append=( f.text_field (:title, {class: 'form-control'}) );@...
...                              ^
/home/muriloroque/Desktop/Microverse/Ruby-On-Rails/Ruby-On-Rails-Training-App/simple_blog/app/views/posts/new.html.erb:5: syntax error, unexpected '}', expecting ')'
...:title, {class: 'form-control'}) );@output_buffer.safe_appen...
...                              ^
/home/muriloroque/Desktop/Microverse/Ruby-On-Rails/Ruby-On-Rails-Training-App/simple_blog/app/views/posts/new.html.erb:10: syntax error, unexpected ',', expecting ')'
...er.append=( f.text_area (:body, {class: 'form-control'}) );@...
...                              ^
/home/muriloroque/Desktop/Microverse/Ruby-On-Rails/Ruby-On-Rails-Training-App/simple_blog/app/views/posts/new.html.erb:10: syntax error, unexpected '}', expecting ')'
...(:body, {class: 'form-control'}) );@output_buffer.safe_appen...
...                              ^
/home/muriloroque/Desktop/Microverse/Ruby-On-Rails/Ruby-On-Rails-Training-App/simple_blog/app/views/posts/new.html.erb:16: syntax error, unexpected end, expecting ')'
'.freeze; end ;
          ^~~
/home/muriloroque/Desktop/Microverse/Ruby-On-Rails/Ruby-On-Rails-Training-App/simple_blog/app/views/posts/new.html.erb:18: syntax error, unexpected ensure, expecting ')'
          ensure
          ^~~~~~
/home/muriloroque/Desktop/Microverse/Ruby-On-Rails/Ruby-On-Rails-Training-App/simple_blog/app/views/posts/new.html.erb:20: syntax error, unexpected end, expecting ')'
          end
          ^~~):
  
app/views/posts/new.html.erb:5: syntax error, unexpected ',', expecting ')'
app/views/posts/new.html.erb:5: syntax error, unexpected '}', expecting ')'
app/views/posts/new.html.erb:10: syntax error, unexpected ',', expecting ')'
app/views/posts/new.html.erb:10: syntax error, unexpected '}', expecting ')'
app/views/posts/new.html.erb:16: syntax error, unexpected end, expecting ')'
app/views/posts/new.html.erb:18: syntax error, unexpected ensure, expecting ')'
app/views/posts/new.html.erb:20: syntax error, unexpected end, expecting ')'
Started GET "/" for ::1 at 2020-04-30 10:29:53 -0300
Processing by PostsController#index as HTML
  Rendering posts/index.html.erb within layouts/application
  [1m[36mPost Load (0.1ms)[0m  [1m[34mSELECT "posts".* FROM "posts"[0m
  ↳ app/views/posts/index.html.erb:2
  Rendered posts/index.html.erb within layouts/application (1.6ms)
Completed 200 OK in 16ms (Views: 14.7ms | ActiveRecord: 0.1ms)


Started GET "/" for ::1 at 2020-04-30 10:29:54 -0300
Processing by PostsController#index as HTML
  Rendering posts/index.html.erb within layouts/application
  [1m[36mPost Load (0.3ms)[0m  [1m[34mSELECT "posts".* FROM "posts"[0m
  ↳ app/views/posts/index.html.erb:2
  Rendered posts/index.html.erb within layouts/application (2.5ms)
Completed 200 OK in 30ms (Views: 28.3ms | ActiveRecord: 0.3ms)


Started GET "/posts/new" for ::1 at 2020-04-30 10:29:54 -0300
Processing by PostsController#new as HTML
  Rendering posts/new.html.erb within layouts/application
  Rendered posts/new.html.erb within layouts/application (1.9ms)
Completed 500 Internal Server Error in 8ms (ActiveRecord: 0.0ms)


  
SyntaxError (/home/muriloroque/Desktop/Microverse/Ruby-On-Rails/Ruby-On-Rails-Training-App/simple_blog/app/views/posts/new.html.erb:5: syntax error, unexpected ',', expecting ')'
....append=( f.text_field (:title, {:class => 'form-control'}) ...
...                              ^
/home/muriloroque/Desktop/Microverse/Ruby-On-Rails/Ruby-On-Rails-Training-App/simple_blog/app/views/posts/new.html.erb:5: syntax error, unexpected '}', expecting ')'
...tle, {:class => 'form-control'}) );@output_buffer.safe_appen...
...                              ^
/home/muriloroque/Desktop/Microverse/Ruby-On-Rails/Ruby-On-Rails-Training-App/simple_blog/app/views/posts/new.html.erb:10: syntax error, unexpected ',', expecting ')'
...er.append=( f.text_area (:body, {:class => 'form-control'}) ...
...                              ^
/home/muriloroque/Desktop/Microverse/Ruby-On-Rails/Ruby-On-Rails-Training-App/simple_blog/app/views/posts/new.html.erb:10: syntax error, unexpected '}', expecting ')'
...ody, {:class => 'form-control'}) );@output_buffer.safe_appen...
...                              ^
/home/muriloroque/Desktop/Microverse/Ruby-On-Rails/Ruby-On-Rails-Training-App/simple_blog/app/views/posts/new.html.erb:16: syntax error, unexpected end, expecting ')'
'.freeze; end ;
          ^~~
/home/muriloroque/Desktop/Microverse/Ruby-On-Rails/Ruby-On-Rails-Training-App/simple_blog/app/views/posts/new.html.erb:18: syntax error, unexpected ensure, expecting ')'
          ensure
          ^~~~~~
/home/muriloroque/Desktop/Microverse/Ruby-On-Rails/Ruby-On-Rails-Training-App/simple_blog/app/views/posts/new.html.erb:20: syntax error, unexpected end, expecting ')'
          end
          ^~~):
  
app/views/posts/new.html.erb:5: syntax error, unexpected ',', expecting ')'
app/views/posts/new.html.erb:5: syntax error, unexpected '}', expecting ')'
app/views/posts/new.html.erb:10: syntax error, unexpected ',', expecting ')'
app/views/posts/new.html.erb:10: syntax error, unexpected '}', expecting ')'
app/views/posts/new.html.erb:16: syntax error, unexpected end, expecting ')'
app/views/posts/new.html.erb:18: syntax error, unexpected ensure, expecting ')'
app/views/posts/new.html.erb:20: syntax error, unexpected end, expecting ')'
Started GET "/" for ::1 at 2020-04-30 10:30:18 -0300
Processing by PostsController#index as HTML
  Rendering posts/index.html.erb within layouts/application
  [1m[36mPost Load (0.1ms)[0m  [1m[34mSELECT "posts".* FROM "posts"[0m
  ↳ app/views/posts/index.html.erb:2
  Rendered posts/index.html.erb within layouts/application (1.7ms)
Completed 200 OK in 17ms (Views: 16.0ms | ActiveRecord: 0.1ms)


Started GET "/posts/new" for ::1 at 2020-04-30 10:30:19 -0300
Processing by PostsController#new as HTML
  Rendering posts/new.html.erb within layouts/application
  Rendered posts/new.html.erb within layouts/application (1.7ms)
Completed 200 OK in 24ms (Views: 23.1ms | ActiveRecord: 0.0ms)


Started GET "/" for ::1 at 2020-04-30 10:30:20 -0300
Processing by PostsController#index as HTML
  Rendering posts/index.html.erb within layouts/application
  [1m[36mPost Load (0.5ms)[0m  [1m[34mSELECT "posts".* FROM "posts"[0m
  ↳ app/views/posts/index.html.erb:2
  Rendered posts/index.html.erb within layouts/application (4.3ms)
Completed 200 OK in 45ms (Views: 41.5ms | ActiveRecord: 0.5ms)


Started GET "/posts/new" for ::1 at 2020-04-30 10:30:21 -0300
Processing by PostsController#new as HTML
  Rendering posts/new.html.erb within layouts/application
  Rendered posts/new.html.erb within layouts/application (4.3ms)
Completed 200 OK in 42ms (Views: 39.8ms | ActiveRecord: 0.0ms)


Started GET "/posts/new" for ::1 at 2020-04-30 10:31:03 -0300
Processing by PostsController#new as HTML
  Rendering posts/new.html.erb within layouts/application
  Rendered posts/new.html.erb within layouts/application (2.0ms)
Completed 200 OK in 24ms (Views: 22.3ms | ActiveRecord: 0.0ms)


Started GET "/posts/new" for ::1 at 2020-04-30 10:31:21 -0300
Processing by PostsController#new as HTML
  Rendering posts/new.html.erb within layouts/application
  Rendered posts/new.html.erb within layouts/application (3.1ms)
Completed 200 OK in 29ms (Views: 27.3ms | ActiveRecord: 0.0ms)


Started GET "/" for ::1 at 2020-04-30 10:31:39 -0300
Processing by PostsController#index as HTML
  Rendering posts/index.html.erb within layouts/application
  [1m[36mPost Load (0.1ms)[0m  [1m[34mSELECT "posts".* FROM "posts"[0m
  ↳ app/views/posts/index.html.erb:2
  Rendered posts/index.html.erb within layouts/application (1.0ms)
Completed 200 OK in 18ms (Views: 17.5ms | ActiveRecord: 0.1ms)


Started GET "/posts/new" for ::1 at 2020-04-30 10:31:40 -0300
Processing by PostsController#new as HTML
  Rendering posts/new.html.erb within layouts/application
  Rendered posts/new.html.erb within layouts/application (6.1ms)
Completed 200 OK in 35ms (Views: 32.6ms | ActiveRecord: 0.0ms)


Started POST "/posts" for ::1 at 2020-04-30 10:33:49 -0300
Processing by PostsController#create as HTML
  Parameters: {"utf8"=>"✓", "authenticity_token"=>"oJ47KxE5sPphWsE6YNXjm23BVSoI/2PkGBRMV9CyfzLzL0eEN73c6N2BPWHy2MAajrm2kPhsD2skAKzfElt0qQ==", "post"=>{"title"=>"", "body"=>""}, "commit"=>"Save Post"}
Completed 500 Internal Server Error in 2ms (ActiveRecord: 0.0ms)


  
ArgumentError (Unknown key: :presence. Valid keys are: :on, :if, :unless, :prepend. Perhaps you meant to call `validates` instead of `validate`?):
  
app/models/post.rb:2:in `<class:Post>'
app/models/post.rb:1:in `<main>'
app/controllers/posts_controller.rb:15:in `create'
Started GET "/" for ::1 at 2020-04-30 10:34:41 -0300
Processing by PostsController#index as HTML
Completed 500 Internal Server Error in 1ms (ActiveRecord: 0.0ms)


  
SyntaxError (/home/muriloroque/Desktop/Microverse/Ruby-On-Rails/Ruby-On-Rails-Training-App/simple_blog/app/models/post.rb:2: syntax error, unexpected tLABEL
...esence: true, length: (minimum: 5)
...                       ^~~~~~~~):
  
app/models/post.rb:2: syntax error, unexpected tLABEL
app/controllers/posts_controller.rb:3:in `index'
Started GET "/" for ::1 at 2020-04-30 10:36:45 -0300
Processing by PostsController#index as HTML
  Rendering posts/index.html.erb within layouts/application
  [1m[36mPost Load (0.2ms)[0m  [1m[34mSELECT "posts".* FROM "posts"[0m
  ↳ app/views/posts/index.html.erb:2
  Rendered posts/index.html.erb within layouts/application (5.5ms)
Completed 200 OK in 21ms (Views: 18.0ms | ActiveRecord: 0.7ms)


Started GET "/" for ::1 at 2020-04-30 10:36:46 -0300
Processing by PostsController#index as HTML
  Rendering posts/index.html.erb within layouts/application
  [1m[36mPost Load (0.3ms)[0m  [1m[34mSELECT "posts".* FROM "posts"[0m
  ↳ app/views/posts/index.html.erb:2
  Rendered posts/index.html.erb within layouts/application (2.6ms)
Completed 200 OK in 26ms (Views: 23.5ms | ActiveRecord: 0.3ms)


Started GET "/posts/new" for ::1 at 2020-04-30 10:36:48 -0300
Processing by PostsController#new as HTML
  Rendering posts/new.html.erb within layouts/application
  Rendered posts/new.html.erb within layouts/application (4.1ms)
Completed 200 OK in 42ms (Views: 39.4ms | ActiveRecord: 0.0ms)


Started POST "/posts" for ::1 at 2020-04-30 10:36:48 -0300
Processing by PostsController#create as HTML
  Parameters: {"utf8"=>"✓", "authenticity_token"=>"95YDy/yesDGJuBGByUXn93TU7qZ1BaXFvcWMeYyN/PekJ39k2hrcIzVj7dpbSMR2l6wNHIWWyUqB0WzxTmT3bA==", "post"=>{"title"=>"", "body"=>""}, "commit"=>"Save Post"}
  [1m[35m (0.2ms)[0m  [1m[36mbegin transaction[0m
  ↳ app/controllers/posts_controller.rb:17
  [1m[35m (0.1ms)[0m  [1m[31mrollback transaction[0m
  ↳ app/controllers/posts_controller.rb:17
  Rendering posts/new.html.erb within layouts/application
  Rendered posts/new.html.erb within layouts/application (3.3ms)
Completed 200 OK in 35ms (Views: 24.8ms | ActiveRecord: 0.3ms)


Started POST "/posts" for ::1 at 2020-04-30 10:36:49 -0300
Processing by PostsController#create as HTML
  Parameters: {"utf8"=>"✓", "authenticity_token"=>"+YJUoAKIr194kum62+SPzk559j328S5djU38zWvDfvBwcWmy9Ka5MDzQ+ULrftQtdjzGe7cQyYn9Sbjtg1Bepw==", "post"=>{"title"=>"", "body"=>""}, "commit"=>"Save Post"}
  [1m[35m (0.2ms)[0m  [1m[36mbegin transaction[0m
  ↳ app/controllers/posts_controller.rb:17
  [1m[35m (0.1ms)[0m  [1m[31mrollback transaction[0m
  ↳ app/controllers/posts_controller.rb:17
  Rendering posts/new.html.erb within layouts/application
  Rendered posts/new.html.erb within layouts/application (3.2ms)
Completed 200 OK in 27ms (Views: 19.8ms | ActiveRecord: 0.3ms)


Started GET "/" for ::1 at 2020-04-30 10:36:51 -0300
Processing by PostsController#index as HTML
  Rendering posts/index.html.erb within layouts/application
  [1m[36mPost Load (0.5ms)[0m  [1m[34mSELECT "posts".* FROM "posts"[0m
  ↳ app/views/posts/index.html.erb:2
  Rendered posts/index.html.erb within layouts/application (4.3ms)
Completed 200 OK in 43ms (Views: 39.6ms | ActiveRecord: 0.5ms)


Started GET "/posts/new" for ::1 at 2020-04-30 10:36:52 -0300
Processing by PostsController#new as HTML
  Rendering posts/new.html.erb within layouts/application
  Rendered posts/new.html.erb within layouts/application (5.0ms)
Completed 200 OK in 36ms (Views: 33.7ms | ActiveRecord: 0.0ms)


Started POST "/posts" for ::1 at 2020-04-30 10:36:53 -0300
Processing by PostsController#create as HTML
  Parameters: {"utf8"=>"✓", "authenticity_token"=>"c7FVVcNFwU+/dhyHrnbVOpvVrPysiqPvbude5ke28TIgACn65cGtXQOt4Nw8e/a7eK1PRlwZz2BS875uhV/6qQ==", "post"=>{"title"=>"", "body"=>""}, "commit"=>"Save Post"}
  [1m[35m (0.1ms)[0m  [1m[36mbegin transaction[0m
  ↳ app/controllers/posts_controller.rb:17
  [1m[35m (0.1ms)[0m  [1m[31mrollback transaction[0m
  ↳ app/controllers/posts_controller.rb:17
  Rendering posts/new.html.erb within layouts/application
  Rendered posts/new.html.erb within layouts/application (3.1ms)
Completed 200 OK in 29ms (Views: 21.9ms | ActiveRecord: 0.3ms)


Started POST "/posts" for ::1 at 2020-04-30 10:42:06 -0300
Processing by PostsController#create as HTML
  Parameters: {"utf8"=>"✓", "authenticity_token"=>"E3CQ2Wjrbh5tEysMKseFyzC0xi8WJWQRhuYUXzxSCyeag63LnsV4cSlRO/QaXd4oCPH2aVfEg8X24lB/1MErcA==", "post"=>{"title"=>"", "body"=>""}, "commit"=>"Save Post"}
  [1m[35m (0.0ms)[0m  [1m[36mbegin transaction[0m
  ↳ app/controllers/posts_controller.rb:17
  [1m[35m (0.0ms)[0m  [1m[31mrollback transaction[0m
  ↳ app/controllers/posts_controller.rb:17
  Rendering posts/new.html.erb within layouts/application
  Rendered posts/new.html.erb within layouts/application (192.7ms)
Completed 500 Internal Server Error in 201ms (ActiveRecord: 0.6ms)


  
ActionView::Template::Error (undefined local variable or method `post' for #<#<Class:0x00007fda84c1dbb0>:0x00007fda84c22ea8>
Did you mean?  @post):
    1: <h1>Add Post</h1>
    2: <%= form_for :post, url: posts_path do |f| %>
    3:   <% if post.errors.any? %>
    4:     <% @post.errors.full_messages.each do |msg| %>
    5:       <div class = "alert alert-danger"><%= msg %></div>
    6:     <% end %>
  
app/views/posts/new.html.erb:3:in `block in _app_views_posts_new_html_erb___2419125667468103190_70288253455480'
app/views/posts/new.html.erb:2:in `_app_views_posts_new_html_erb___2419125667468103190_70288253455480'
app/controllers/posts_controller.rb:20:in `create'
Started POST "/posts" for ::1 at 2020-04-30 10:42:23 -0300
Processing by PostsController#create as HTML
  Parameters: {"utf8"=>"✓", "authenticity_token"=>"E3CQ2Wjrbh5tEysMKseFyzC0xi8WJWQRhuYUXzxSCyeag63LnsV4cSlRO/QaXd4oCPH2aVfEg8X24lB/1MErcA==", "post"=>{"title"=>"", "body"=>""}, "commit"=>"Save Post"}
  [1m[35m (0.2ms)[0m  [1m[36mbegin transaction[0m
  ↳ app/controllers/posts_controller.rb:17
  [1m[35m (0.1ms)[0m  [1m[31mrollback transaction[0m
  ↳ app/controllers/posts_controller.rb:17
  Rendering posts/new.html.erb within layouts/application
  Rendered posts/new.html.erb within layouts/application (5.1ms)
Completed 200 OK in 41ms (Views: 31.7ms | ActiveRecord: 0.3ms)


Started POST "/posts" for ::1 at 2020-04-30 10:42:26 -0300
Processing by PostsController#create as HTML
  Parameters: {"utf8"=>"✓", "authenticity_token"=>"yJ/MTYxFq1aYjJkwr7P5xOus6aawtSnRsLzaF+AcAn9BbPFfemu9OdzOicifKaIn0+nZ4PFUzgXAuJ43CI8iKA==", "post"=>{"title"=>"", "body"=>""}, "commit"=>"Save Post"}
  [1m[35m (0.2ms)[0m  [1m[36mbegin transaction[0m
  ↳ app/controllers/posts_controller.rb:17
  [1m[35m (0.2ms)[0m  [1m[31mrollback transaction[0m
  ↳ app/controllers/posts_controller.rb:17
  Rendering posts/new.html.erb within layouts/application
  Rendered posts/new.html.erb within layouts/application (4.4ms)
Completed 200 OK in 45ms (Views: 33.0ms | ActiveRecord: 0.4ms)


Started GET "/" for ::1 at 2020-04-30 10:42:28 -0300
Processing by PostsController#index as HTML
  Rendering posts/index.html.erb within layouts/application
  [1m[36mPost Load (0.4ms)[0m  [1m[34mSELECT "posts".* FROM "posts"[0m
  ↳ app/views/posts/index.html.erb:2
  Rendered posts/index.html.erb within layouts/application (3.5ms)
Completed 200 OK in 58ms (Views: 53.6ms | ActiveRecord: 0.4ms)


Started GET "/" for ::1 at 2020-04-30 10:45:07 -0300
Processing by PostsController#index as HTML
  Rendering posts/index.html.erb within layouts/application
  [1m[36mPost Load (0.4ms)[0m  [1m[34mSELECT "posts".* FROM "posts"[0m
  ↳ app/views/posts/index.html.erb:2
  Rendered posts/index.html.erb within layouts/application (4.9ms)
Completed 200 OK in 34ms (Views: 31.1ms | ActiveRecord: 0.4ms)


Started GET "/posts/1" for ::1 at 2020-04-30 10:45:08 -0300
Processing by PostsController#show as HTML
  Parameters: {"id"=>"1"}
  [1m[36mPost Load (0.4ms)[0m  [1m[34mSELECT  "posts".* FROM "posts" WHERE "posts"."id" = ? LIMIT ?[0m  [["id", 1], ["LIMIT", 1]]
  ↳ app/controllers/posts_controller.rb:7
  Rendering posts/show.html.erb within layouts/application
  Rendered posts/show.html.erb within layouts/application (0.8ms)
Completed 200 OK in 32ms (Views: 25.9ms | ActiveRecord: 0.4ms)


Started GET "/" for ::1 at 2020-04-30 10:45:09 -0300
Processing by PostsController#index as HTML
  Rendering posts/index.html.erb within layouts/application
  [1m[36mPost Load (0.4ms)[0m  [1m[34mSELECT "posts".* FROM "posts"[0m
  ↳ app/views/posts/index.html.erb:2
  Rendered posts/index.html.erb within layouts/application (4.5ms)
Completed 200 OK in 34ms (Views: 31.3ms | ActiveRecord: 0.4ms)


Started GET "/" for ::1 at 2020-04-30 10:46:03 -0300
Processing by PostsController#index as HTML
  Rendering posts/index.html.erb within layouts/application
  [1m[36mPost Load (0.3ms)[0m  [1m[34mSELECT "posts".* FROM "posts"[0m
  ↳ app/views/posts/index.html.erb:2
  Rendered posts/index.html.erb within layouts/application (4.1ms)
Completed 200 OK in 30ms (Views: 26.9ms | ActiveRecord: 0.3ms)


Started GET "/" for ::1 at 2020-04-30 10:46:44 -0300
Processing by PostsController#index as HTML
  Rendering posts/index.html.erb within layouts/application
  [1m[36mPost Load (0.3ms)[0m  [1m[34mSELECT "posts".* FROM "posts"[0m
  ↳ app/views/posts/index.html.erb:2
  Rendered posts/index.html.erb within layouts/application (3.3ms)
Completed 200 OK in 32ms (Views: 29.7ms | ActiveRecord: 0.3ms)


Started GET "/posts/1" for ::1 at 2020-04-30 10:46:45 -0300
Processing by PostsController#show as HTML
  Parameters: {"id"=>"1"}
  [1m[36mPost Load (0.2ms)[0m  [1m[34mSELECT  "posts".* FROM "posts" WHERE "posts"."id" = ? LIMIT ?[0m  [["id", 1], ["LIMIT", 1]]
  ↳ app/controllers/posts_controller.rb:7
  Rendering posts/show.html.erb within layouts/application
  Rendered posts/show.html.erb within layouts/application (0.6ms)
Completed 200 OK in 32ms (Views: 29.4ms | ActiveRecord: 0.2ms)


Started GET "/" for ::1 at 2020-04-30 10:46:47 -0300
Processing by PostsController#index as HTML
  Rendering posts/index.html.erb within layouts/application
  [1m[36mPost Load (0.2ms)[0m  [1m[34mSELECT "posts".* FROM "posts"[0m
  ↳ app/views/posts/index.html.erb:2
  Rendered posts/index.html.erb within layouts/application (6.5ms)
Completed 200 OK in 47ms (Views: 43.3ms | ActiveRecord: 0.2ms)


Started GET "/" for ::1 at 2020-04-30 10:47:13 -0300
Processing by PostsController#index as HTML
  Rendering posts/index.html.erb within layouts/application
  [1m[36mPost Load (0.4ms)[0m  [1m[34mSELECT "posts".* FROM "posts"[0m
  ↳ app/views/posts/index.html.erb:2
  Rendered posts/index.html.erb within layouts/application (4.3ms)
Completed 200 OK in 37ms (Views: 33.4ms | ActiveRecord: 0.4ms)


Started GET "/posts/1" for ::1 at 2020-04-30 10:47:15 -0300
Processing by PostsController#show as HTML
  Parameters: {"id"=>"1"}
  [1m[36mPost Load (0.2ms)[0m  [1m[34mSELECT  "posts".* FROM "posts" WHERE "posts"."id" = ? LIMIT ?[0m  [["id", 1], ["LIMIT", 1]]
  ↳ app/controllers/posts_controller.rb:7
  Rendering posts/show.html.erb within layouts/application
  Rendered posts/show.html.erb within layouts/application (0.7ms)
Completed 200 OK in 29ms (Views: 25.6ms | ActiveRecord: 0.2ms)


Started GET "/" for ::1 at 2020-04-30 10:47:16 -0300
Processing by PostsController#index as HTML
  Rendering posts/index.html.erb within layouts/application
  [1m[36mPost Load (0.5ms)[0m  [1m[34mSELECT "posts".* FROM "posts"[0m
  ↳ app/views/posts/index.html.erb:2
  Rendered posts/index.html.erb within layouts/application (6.5ms)
Completed 200 OK in 48ms (Views: 44.4ms | ActiveRecord: 0.5ms)


Started GET "/" for ::1 at 2020-04-30 10:51:04 -0300
Processing by PostsController#index as HTML
  Rendering posts/index.html.erb within layouts/application
  [1m[36mPost Load (0.2ms)[0m  [1m[34mSELECT "posts".* FROM "posts"[0m
  ↳ app/views/posts/index.html.erb:2
  Rendered posts/index.html.erb within layouts/application (7.6ms)
Completed 200 OK in 52ms (Views: 48.0ms | ActiveRecord: 1.2ms)


Started GET "/" for ::1 at 2020-04-30 10:51:05 -0300
Processing by PostsController#index as HTML
  Rendering posts/index.html.erb within layouts/application
  [1m[36mPost Load (0.3ms)[0m  [1m[34mSELECT "posts".* FROM "posts"[0m
  ↳ app/views/posts/index.html.erb:2
  Rendered posts/index.html.erb within layouts/application (4.5ms)
Completed 200 OK in 33ms (Views: 29.9ms | ActiveRecord: 0.3ms)


Started GET "/posts/1" for ::1 at 2020-04-30 10:51:09 -0300
Processing by PostsController#show as HTML
  Parameters: {"id"=>"1"}
  [1m[36mPost Load (0.3ms)[0m  [1m[34mSELECT  "posts".* FROM "posts" WHERE "posts"."id" = ? LIMIT ?[0m  [["id", 1], ["LIMIT", 1]]
  ↳ app/controllers/posts_controller.rb:7
  Rendering posts/show.html.erb within layouts/application
  Rendered posts/show.html.erb within layouts/application (0.7ms)
Completed 200 OK in 22ms (Views: 19.5ms | ActiveRecord: 0.3ms)


Started GET "/posts/1/edit" for ::1 at 2020-04-30 10:51:10 -0300
Processing by PostsController#edit as HTML
  Parameters: {"id"=>"1"}
  [1m[36mPost Load (0.4ms)[0m  [1m[34mSELECT  "posts".* FROM "posts" WHERE "posts"."id" = ? LIMIT ?[0m  [["id", 1], ["LIMIT", 1]]
  ↳ app/controllers/posts_controller.rb:25
  Rendering posts/edit.html.erb within layouts/application
  Rendered posts/edit.html.erb within layouts/application (6.9ms)
Completed 200 OK in 41ms (Views: 35.0ms | ActiveRecord: 0.4ms)


Started PATCH "/posts/1" for ::1 at 2020-04-30 10:52:55 -0300
Processing by PostsController#update as HTML
  Parameters: {"utf8"=>"✓", "authenticity_token"=>"rZe/SZnQ9DbW0ZpW5Oezr3ieQ/JW48Ba8T/mBHeeuJpItfHb0NugUM7k8smunO7iAXK0S/yDL1v1MOD1B17CqQ==", "post"=>{"title"=>"Post 1", "body"=>"This is post one"}, "commit"=>"Save Post", "id"=>"1"}
  [1m[36mPost Load (0.1ms)[0m  [1m[34mSELECT  "posts".* FROM "posts" WHERE "posts"."id" = ? LIMIT ?[0m  [["id", 1], ["LIMIT", 1]]
  ↳ app/controllers/posts_controller.rb:29
  [1m[35m (0.1ms)[0m  [1m[36mbegin transaction[0m
  ↳ app/controllers/posts_controller.rb:31
  [1m[36mPost Update (0.3ms)[0m  [1m[33mUPDATE "posts" SET "body" = ?, "updated_at" = ? WHERE "posts"."id" = ?[0m  [["body", "This is post one"], ["updated_at", "2020-04-30 13:52:55.049801"], ["id", 1]]
  ↳ app/controllers/posts_controller.rb:31
  [1m[35m (418.6ms)[0m  [1m[36mcommit transaction[0m
  ↳ app/controllers/posts_controller.rb:31
Redirected to http://localhost:3000/posts/1
Completed 302 Found in 434ms (ActiveRecord: 419.5ms)


Started GET "/posts/1" for ::1 at 2020-04-30 10:52:55 -0300
Processing by PostsController#show as HTML
  Parameters: {"id"=>"1"}
  [1m[36mPost Load (0.3ms)[0m  [1m[34mSELECT  "posts".* FROM "posts" WHERE "posts"."id" = ? LIMIT ?[0m  [["id", 1], ["LIMIT", 1]]
  ↳ app/controllers/posts_controller.rb:7
  Rendering posts/show.html.erb within layouts/application
  Rendered posts/show.html.erb within layouts/application (1.5ms)
Completed 200 OK in 29ms (Views: 25.6ms | ActiveRecord: 0.3ms)


Started GET "/posts/1/edit" for ::1 at 2020-04-30 10:52:57 -0300
Processing by PostsController#edit as HTML
  Parameters: {"id"=>"1"}
  [1m[36mPost Load (0.3ms)[0m  [1m[34mSELECT  "posts".* FROM "posts" WHERE "posts"."id" = ? LIMIT ?[0m  [["id", 1], ["LIMIT", 1]]
  ↳ app/controllers/posts_controller.rb:25
  Rendering posts/edit.html.erb within layouts/application
  Rendered posts/edit.html.erb within layouts/application (3.6ms)
Completed 200 OK in 27ms (Views: 23.8ms | ActiveRecord: 0.3ms)


Started PATCH "/posts/1" for ::1 at 2020-04-30 10:52:58 -0300
Processing by PostsController#update as HTML
  Parameters: {"utf8"=>"✓", "authenticity_token"=>"V5bpUo7kVovIrvn24Hm3vb5cwT70jWrENG66TeAI8HmytKfAx+8C7dCbkWmqAurwx7A2h17thcUwYby8kMiKSg==", "post"=>{"title"=>"Post 1", "body"=>"This is post one"}, "commit"=>"Save Post", "id"=>"1"}
  [1m[36mPost Load (0.2ms)[0m  [1m[34mSELECT  "posts".* FROM "posts" WHERE "posts"."id" = ? LIMIT ?[0m  [["id", 1], ["LIMIT", 1]]
  ↳ app/controllers/posts_controller.rb:29
  [1m[35m (0.1ms)[0m  [1m[36mbegin transaction[0m
  ↳ app/controllers/posts_controller.rb:31
  [1m[35m (0.1ms)[0m  [1m[36mcommit transaction[0m
  ↳ app/controllers/posts_controller.rb:31
Redirected to http://localhost:3000/posts/1
Completed 302 Found in 4ms (ActiveRecord: 0.4ms)


Started GET "/posts/1" for ::1 at 2020-04-30 10:52:58 -0300
Processing by PostsController#show as HTML
  Parameters: {"id"=>"1"}
  [1m[36mPost Load (0.1ms)[0m  [1m[34mSELECT  "posts".* FROM "posts" WHERE "posts"."id" = ? LIMIT ?[0m  [["id", 1], ["LIMIT", 1]]
  ↳ app/controllers/posts_controller.rb:7
  Rendering posts/show.html.erb within layouts/application
  Rendered posts/show.html.erb within layouts/application (0.5ms)
Completed 200 OK in 15ms (Views: 13.3ms | ActiveRecord: 0.1ms)


Started GET "/" for ::1 at 2020-04-30 10:52:59 -0300
Processing by PostsController#index as HTML
  Rendering posts/index.html.erb within layouts/application
  [1m[36mPost Load (0.5ms)[0m  [1m[34mSELECT "posts".* FROM "posts"[0m
  ↳ app/views/posts/index.html.erb:2
  Rendered posts/index.html.erb within layouts/application (4.8ms)
Completed 200 OK in 42ms (Views: 39.5ms | ActiveRecord: 0.5ms)


Started GET "/posts/1" for ::1 at 2020-04-30 10:53:01 -0300
Processing by PostsController#show as HTML
  Parameters: {"id"=>"1"}
  [1m[36mPost Load (0.5ms)[0m  [1m[34mSELECT  "posts".* FROM "posts" WHERE "posts"."id" = ? LIMIT ?[0m  [["id", 1], ["LIMIT", 1]]
  ↳ app/controllers/posts_controller.rb:7
  Rendering posts/show.html.erb within layouts/application
  Rendered posts/show.html.erb within layouts/application (1.5ms)
Completed 200 OK in 32ms (Views: 26.5ms | ActiveRecord: 0.5ms)


Started GET "/posts/1/edit" for ::1 at 2020-04-30 10:53:02 -0300
Processing by PostsController#edit as HTML
  Parameters: {"id"=>"1"}
  [1m[36mPost Load (0.3ms)[0m  [1m[34mSELECT  "posts".* FROM "posts" WHERE "posts"."id" = ? LIMIT ?[0m  [["id", 1], ["LIMIT", 1]]
  ↳ app/controllers/posts_controller.rb:25
  Rendering posts/edit.html.erb within layouts/application
  Rendered posts/edit.html.erb within layouts/application (6.5ms)
Completed 200 OK in 36ms (Views: 32.5ms | ActiveRecord: 0.3ms)


Started GET "/" for ::1 at 2020-04-30 10:53:03 -0300
Processing by PostsController#index as HTML
  Rendering posts/index.html.erb within layouts/application
  [1m[36mPost Load (0.6ms)[0m  [1m[34mSELECT "posts".* FROM "posts"[0m
  ↳ app/views/posts/index.html.erb:2
  Rendered posts/index.html.erb within layouts/application (5.9ms)
Completed 200 OK in 51ms (Views: 48.0ms | ActiveRecord: 0.6ms)


Started GET "/" for ::1 at 2020-04-30 10:55:47 -0300
Processing by PostsController#index as HTML
  Rendering posts/index.html.erb within layouts/application
  [1m[36mPost Load (0.2ms)[0m  [1m[34mSELECT "posts".* FROM "posts"[0m
  ↳ app/views/posts/index.html.erb:2
  Rendered posts/index.html.erb within layouts/application (6.2ms)
Completed 200 OK in 21ms (Views: 18.1ms | ActiveRecord: 0.7ms)


Started GET "/posts/1" for ::1 at 2020-04-30 10:55:48 -0300
Processing by PostsController#show as HTML
  Parameters: {"id"=>"1"}
  [1m[36mPost Load (0.3ms)[0m  [1m[34mSELECT  "posts".* FROM "posts" WHERE "posts"."id" = ? LIMIT ?[0m  [["id", 1], ["LIMIT", 1]]
  ↳ app/controllers/posts_controller.rb:7
  Rendering posts/show.html.erb within layouts/application
  Rendered posts/show.html.erb within layouts/application (2.0ms)
Completed 200 OK in 33ms (Views: 27.9ms | ActiveRecord: 0.3ms)


Started GET "/posts/1/edit" for ::1 at 2020-04-30 10:55:51 -0300
Processing by PostsController#edit as HTML
  Parameters: {"id"=>"1"}
  [1m[36mPost Load (0.4ms)[0m  [1m[34mSELECT  "posts".* FROM "posts" WHERE "posts"."id" = ? LIMIT ?[0m  [["id", 1], ["LIMIT", 1]]
  ↳ app/controllers/posts_controller.rb:25
  Rendering posts/edit.html.erb within layouts/application
  Rendered posts/edit.html.erb within layouts/application (6.9ms)
Completed 200 OK in 35ms (Views: 31.0ms | ActiveRecord: 0.4ms)


Started PATCH "/posts/1" for ::1 at 2020-04-30 10:55:55 -0300
Processing by PostsController#update as HTML
  Parameters: {"utf8"=>"✓", "authenticity_token"=>"2J8TAlvnIkw+Zm1QLj+aUVPLgeZ3cXi+EXoHuJT7n1E9vV2QEux2KiZTBc9kRMccKid2X90Rl78VdQFJ5DvlYg==", "post"=>{"title"=>"Post 1", "body"=>"This is post 1"}, "commit"=>"Save Post", "id"=>"1"}
  [1m[36mPost Load (0.3ms)[0m  [1m[34mSELECT  "posts".* FROM "posts" WHERE "posts"."id" = ? LIMIT ?[0m  [["id", 1], ["LIMIT", 1]]
  ↳ app/controllers/posts_controller.rb:29
  [1m[35m (0.1ms)[0m  [1m[36mbegin transaction[0m
  ↳ app/controllers/posts_controller.rb:31
  [1m[36mPost Update (0.6ms)[0m  [1m[33mUPDATE "posts" SET "body" = ?, "updated_at" = ? WHERE "posts"."id" = ?[0m  [["body", "This is post 1"], ["updated_at", "2020-04-30 13:55:55.548349"], ["id", 1]]
  ↳ app/controllers/posts_controller.rb:31
  [1m[35m (985.7ms)[0m  [1m[36mcommit transaction[0m
  ↳ app/controllers/posts_controller.rb:31
Redirected to http://localhost:3000/posts/1
Completed 302 Found in 998ms (ActiveRecord: 986.7ms)


Started GET "/posts/1" for ::1 at 2020-04-30 10:55:56 -0300
Processing by PostsController#show as HTML
  Parameters: {"id"=>"1"}
  [1m[36mPost Load (0.3ms)[0m  [1m[34mSELECT  "posts".* FROM "posts" WHERE "posts"."id" = ? LIMIT ?[0m  [["id", 1], ["LIMIT", 1]]
  ↳ app/controllers/posts_controller.rb:7
  Rendering posts/show.html.erb within layouts/application
  Rendered posts/show.html.erb within layouts/application (2.1ms)
Completed 200 OK in 32ms (Views: 28.1ms | ActiveRecord: 0.3ms)


Started GET "/" for ::1 at 2020-04-30 10:55:58 -0300
Processing by PostsController#index as HTML
  Rendering posts/index.html.erb within layouts/application
  [1m[36mPost Load (0.4ms)[0m  [1m[34mSELECT "posts".* FROM "posts"[0m
  ↳ app/views/posts/index.html.erb:2
  Rendered posts/index.html.erb within layouts/application (4.8ms)
Completed 200 OK in 39ms (Views: 35.2ms | ActiveRecord: 0.4ms)


Started GET "/posts/new" for ::1 at 2020-04-30 10:55:59 -0300
Processing by PostsController#new as HTML
  Rendering posts/new.html.erb within layouts/application
  Rendered posts/new.html.erb within layouts/application (6.8ms)
Completed 200 OK in 40ms (Views: 37.3ms | ActiveRecord: 0.0ms)


Started POST "/posts" for ::1 at 2020-04-30 10:56:10 -0300
Processing by PostsController#create as HTML
  Parameters: {"utf8"=>"✓", "authenticity_token"=>"1wJ+wbmaCqf4qGOcUKi8Q1duK4yT5qMPXH3Bi9RA3guEswJunx5mtURzn8fCpZ/CtBbINmN1z4BgaSEDFqnVkA==", "post"=>{"title"=>"Post to be destroy", "body"=>"This is destruction"}, "commit"=>"Save Post"}
  [1m[35m (0.1ms)[0m  [1m[36mbegin transaction[0m
  ↳ app/controllers/posts_controller.rb:17
  [1m[36mPost Create (0.4ms)[0m  [1m[32mINSERT INTO "posts" ("title", "body", "created_at", "updated_at") VALUES (?, ?, ?, ?)[0m  [["title", "Post to be destroy"], ["body", "This is destruction"], ["created_at", "2020-04-30 13:56:10.806415"], ["updated_at", "2020-04-30 13:56:10.806415"]]
  ↳ app/controllers/posts_controller.rb:17
  [1m[35m (1044.2ms)[0m  [1m[36mcommit transaction[0m
  ↳ app/controllers/posts_controller.rb:17
Redirected to http://localhost:3000/posts/3
Completed 302 Found in 1050ms (ActiveRecord: 1044.6ms)


Started GET "/posts/3" for ::1 at 2020-04-30 10:56:11 -0300
Processing by PostsController#show as HTML
  Parameters: {"id"=>"3"}
  [1m[36mPost Load (0.3ms)[0m  [1m[34mSELECT  "posts".* FROM "posts" WHERE "posts"."id" = ? LIMIT ?[0m  [["id", 3], ["LIMIT", 1]]
  ↳ app/controllers/posts_controller.rb:7
  Rendering posts/show.html.erb within layouts/application
  Rendered posts/show.html.erb within layouts/application (1.7ms)
Completed 200 OK in 31ms (Views: 27.0ms | ActiveRecord: 0.3ms)


Started GET "/" for ::1 at 2020-04-30 10:56:14 -0300
Processing by PostsController#index as HTML
  Rendering posts/index.html.erb within layouts/application
  [1m[36mPost Load (0.3ms)[0m  [1m[34mSELECT "posts".* FROM "posts"[0m
  ↳ app/views/posts/index.html.erb:2
  Rendered posts/index.html.erb within layouts/application (5.4ms)
Completed 200 OK in 34ms (Views: 31.1ms | ActiveRecord: 0.3ms)


Started GET "/posts/3" for ::1 at 2020-04-30 10:56:16 -0300
Processing by PostsController#show as HTML
  Parameters: {"id"=>"3"}
  [1m[36mPost Load (0.5ms)[0m  [1m[34mSELECT  "posts".* FROM "posts" WHERE "posts"."id" = ? LIMIT ?[0m  [["id", 3], ["LIMIT", 1]]
  ↳ app/controllers/posts_controller.rb:7
  Rendering posts/show.html.erb within layouts/application
  Rendered posts/show.html.erb within layouts/application (1.5ms)
Completed 200 OK in 50ms (Views: 43.5ms | ActiveRecord: 0.5ms)


Started DELETE "/posts/3" for ::1 at 2020-04-30 10:56:18 -0300
Processing by PostsController#destroy as HTML
  Parameters: {"authenticity_token"=>"cdbNZ/G0C78O+StHsm8g9usVgDjN+6nVNFETcWvNxHH4JfB1B5od0Eq7O7+C9XsV01CwfowaTgFEVVdRg17kJg==", "id"=>"3"}
  [1m[36mPost Load (0.4ms)[0m  [1m[34mSELECT  "posts".* FROM "posts" WHERE "posts"."id" = ? LIMIT ?[0m  [["id", 3], ["LIMIT", 1]]
  ↳ app/controllers/posts_controller.rb:39
  [1m[35m (0.2ms)[0m  [1m[36mbegin transaction[0m
  ↳ app/controllers/posts_controller.rb:40
  [1m[36mPost Destroy (0.5ms)[0m  [1m[31mDELETE FROM "posts" WHERE "posts"."id" = ?[0m  [["id", 3]]
  ↳ app/controllers/posts_controller.rb:40
  [1m[35m (532.4ms)[0m  [1m[36mcommit transaction[0m
  ↳ app/controllers/posts_controller.rb:40
Redirected to http://localhost:3000/posts
Completed 302 Found in 546ms (ActiveRecord: 533.5ms)


Started GET "/posts" for ::1 at 2020-04-30 10:56:19 -0300
Processing by PostsController#index as HTML
  Rendering posts/index.html.erb within layouts/application
  [1m[36mPost Load (0.5ms)[0m  [1m[34mSELECT "posts".* FROM "posts"[0m
  ↳ app/views/posts/index.html.erb:2
  Rendered posts/index.html.erb within layouts/application (6.2ms)
Completed 200 OK in 39ms (Views: 35.8ms | ActiveRecord: 0.5ms)


  [1m[35m (0.4ms)[0m  [1m[34mSELECT "schema_migrations"."version" FROM "schema_migrations" ORDER BY "schema_migrations"."version" ASC[0m
  ↳ /home/muriloroque/.rbenv/versions/2.6.5/bin/rake:23
Migrating to CreateComments (20200430135820)
  [1m[35m (0.2ms)[0m  [1m[36mbegin transaction[0m
  ↳ /home/muriloroque/.rbenv/versions/2.6.5/bin/rake:23
  [1m[35m (0.3ms)[0m  [1m[34mSELECT sqlite_version(*)[0m
  ↳ db/migrate/20200430135820_create_comments.rb:3
  [1m[35m (0.7ms)[0m  [1m[35mCREATE TABLE "comments" ("id" integer PRIMARY KEY AUTOINCREMENT NOT NULL, "username" varchar, "body" text, "post_id" integer, "created_at" datetime NOT NULL, "updated_at" datetime NOT NULL, CONSTRAINT "fk_rails_2fd19c0db7"
FOREIGN KEY ("post_id")
  REFERENCES "posts" ("id")
)[0m
  ↳ db/migrate/20200430135820_create_comments.rb:3
  [1m[35m (0.4ms)[0m  [1m[35mCREATE  INDEX "index_comments_on_post_id" ON "comments" ("post_id")[0m
  ↳ db/migrate/20200430135820_create_comments.rb:3
  [1m[36mActiveRecord::SchemaMigration Create (18.0ms)[0m  [1m[32mINSERT INTO "schema_migrations" ("version") VALUES (?)[0m  [["version", "20200430135820"]]
  ↳ /home/muriloroque/.rbenv/versions/2.6.5/bin/rake:23
  [1m[35m (434.7ms)[0m  [1m[36mcommit transaction[0m
  ↳ /home/muriloroque/.rbenv/versions/2.6.5/bin/rake:23
  [1m[36mActiveRecord::InternalMetadata Load (0.5ms)[0m  [1m[34mSELECT  "ar_internal_metadata".* FROM "ar_internal_metadata" WHERE "ar_internal_metadata"."key" = ? LIMIT ?[0m  [["key", "environment"], ["LIMIT", 1]]
  ↳ /home/muriloroque/.rbenv/versions/2.6.5/bin/rake:23
  [1m[35m (0.1ms)[0m  [1m[36mbegin transaction[0m
  ↳ /home/muriloroque/.rbenv/versions/2.6.5/bin/rake:23
  [1m[35m (0.1ms)[0m  [1m[36mcommit transaction[0m
  ↳ /home/muriloroque/.rbenv/versions/2.6.5/bin/rake:23
  [1m[35m (0.3ms)[0m  [1m[34mSELECT "schema_migrations"."version" FROM "schema_migrations" ORDER BY "schema_migrations"."version" ASC[0m
  ↳ /home/muriloroque/.rbenv/versions/2.6.5/bin/rake:23
Started GET "/posts" for ::1 at 2020-04-30 11:14:24 -0300
  [1m[35m (0.1ms)[0m  [1m[34mSELECT "schema_migrations"."version" FROM "schema_migrations" ORDER BY "schema_migrations"."version" ASC[0m
  ↳ /home/muriloroque/.rbenv/versions/2.6.5/lib/ruby/gems/2.6.0/gems/activerecord-5.2.4.2/lib/active_record/log_subscriber.rb:98
Processing by PostsController#index as HTML
  Rendering posts/index.html.erb within layouts/application
  [1m[36mPost Load (0.1ms)[0m  [1m[34mSELECT "posts".* FROM "posts"[0m
  ↳ app/views/posts/index.html.erb:2
  Rendered posts/index.html.erb within layouts/application (4.9ms)
Completed 200 OK in 58ms (Views: 37.5ms | ActiveRecord: 0.6ms)


Started GET "/posts/1" for ::1 at 2020-04-30 11:14:26 -0300
Processing by PostsController#show as HTML
  Parameters: {"id"=>"1"}
  [1m[36mPost Load (0.4ms)[0m  [1m[34mSELECT  "posts".* FROM "posts" WHERE "posts"."id" = ? LIMIT ?[0m  [["id", 1], ["LIMIT", 1]]
  ↳ app/controllers/posts_controller.rb:7
  Rendering posts/show.html.erb within layouts/application
  [1m[36mComment Load (0.2ms)[0m  [1m[34mSELECT "comments".* FROM "comments" WHERE "comments"."post_id" = ?[0m  [["post_id", 1]]
  ↳ app/views/posts/show.html.erb:9
  Rendered posts/show.html.erb within layouts/application (48.6ms)
Completed 200 OK in 68ms (Views: 63.0ms | ActiveRecord: 1.2ms)


Started POST "/posts/1/comments" for ::1 at 2020-04-30 11:14:40 -0300
Processing by CommentsController#create as HTML
  Parameters: {"utf8"=>"✓", "authenticity_token"=>"WWBmcy1SqBBU49zJzFJTCOsZJ4XizpgJ5cXipjJG7ZDyY0tyHnUcujefqay6Rt/Sqpc7D2rtdyaKFtnx3Yx6Zg==", "comment"=>{"username"=>"Murilo", "body"=>"First comment, very nice post!"}, "commit"=>"Create Comment", "post_id"=>"1"}
  [1m[36mPost Load (0.2ms)[0m  [1m[34mSELECT  "posts".* FROM "posts" WHERE "posts"."id" = ? LIMIT ?[0m  [["id", 1], ["LIMIT", 1]]
  ↳ app/controllers/comments_controller.rb:3
  [1m[35m (0.1ms)[0m  [1m[36mbegin transaction[0m
  ↳ app/controllers/comments_controller.rb:4
  [1m[36mComment Create (0.4ms)[0m  [1m[32mINSERT INTO "comments" ("username", "body", "post_id", "created_at", "updated_at") VALUES (?, ?, ?, ?, ?)[0m  [["username", "Murilo"], ["body", "First comment, very nice post!"], ["post_id", 1], ["created_at", "2020-04-30 14:14:40.495158"], ["updated_at", "2020-04-30 14:14:40.495158"]]
  ↳ app/controllers/comments_controller.rb:4
  [1m[35m (758.3ms)[0m  [1m[36mcommit transaction[0m
  ↳ app/controllers/comments_controller.rb:4
Redirected to http://localhost:3000/posts/1
Completed 302 Found in 770ms (ActiveRecord: 759.1ms)


Started GET "/posts/1" for ::1 at 2020-04-30 11:14:41 -0300
Processing by PostsController#show as HTML
  Parameters: {"id"=>"1"}
  [1m[36mPost Load (0.3ms)[0m  [1m[34mSELECT  "posts".* FROM "posts" WHERE "posts"."id" = ? LIMIT ?[0m  [["id", 1], ["LIMIT", 1]]
  ↳ app/controllers/posts_controller.rb:7
  Rendering posts/show.html.erb within layouts/application
  [1m[36mComment Load (0.4ms)[0m  [1m[34mSELECT "comments".* FROM "comments" WHERE "comments"."post_id" = ?[0m  [["post_id", 1]]
  ↳ app/views/posts/show.html.erb:9
  Rendered posts/show.html.erb within layouts/application (9.5ms)
Completed 200 OK in 35ms (Views: 31.3ms | ActiveRecord: 0.7ms)


Started GET "/" for ::1 at 2020-04-30 11:15:03 -0300
Processing by PostsController#index as HTML
  Rendering posts/index.html.erb within layouts/application
  [1m[36mPost Load (0.8ms)[0m  [1m[34mSELECT "posts".* FROM "posts"[0m
  ↳ app/views/posts/index.html.erb:2
  Rendered posts/index.html.erb within layouts/application (5.7ms)
Completed 200 OK in 43ms (Views: 39.0ms | ActiveRecord: 0.8ms)


Started GET "/posts/2" for ::1 at 2020-04-30 11:15:05 -0300
Processing by PostsController#show as HTML
  Parameters: {"id"=>"2"}
  [1m[36mPost Load (0.3ms)[0m  [1m[34mSELECT  "posts".* FROM "posts" WHERE "posts"."id" = ? LIMIT ?[0m  [["id", 2], ["LIMIT", 1]]
  ↳ app/controllers/posts_controller.rb:7
  Rendering posts/show.html.erb within layouts/application
  [1m[36mComment Load (0.3ms)[0m  [1m[34mSELECT "comments".* FROM "comments" WHERE "comments"."post_id" = ?[0m  [["post_id", 2]]
  ↳ app/views/posts/show.html.erb:9
  Rendered posts/show.html.erb within layouts/application (9.8ms)
Completed 200 OK in 58ms (Views: 53.0ms | ActiveRecord: 0.6ms)


Started GET "/" for ::1 at 2020-04-30 11:15:06 -0300
Processing by PostsController#index as HTML
  Rendering posts/index.html.erb within layouts/application
  [1m[36mPost Load (0.6ms)[0m  [1m[34mSELECT "posts".* FROM "posts"[0m
  ↳ app/views/posts/index.html.erb:2
  Rendered posts/index.html.erb within layouts/application (5.9ms)
Completed 200 OK in 40ms (Views: 36.2ms | ActiveRecord: 0.6ms)


Started GET "/posts/1" for ::1 at 2020-04-30 11:15:07 -0300
Processing by PostsController#show as HTML
  Parameters: {"id"=>"1"}
  [1m[36mPost Load (0.4ms)[0m  [1m[34mSELECT  "posts".* FROM "posts" WHERE "posts"."id" = ? LIMIT ?[0m  [["id", 1], ["LIMIT", 1]]
  ↳ app/controllers/posts_controller.rb:7
  Rendering posts/show.html.erb within layouts/application
  [1m[36mComment Load (0.2ms)[0m  [1m[34mSELECT "comments".* FROM "comments" WHERE "comments"."post_id" = ?[0m  [["post_id", 1]]
  ↳ app/views/posts/show.html.erb:9
  Rendered posts/show.html.erb within layouts/application (7.7ms)
Completed 200 OK in 36ms (Views: 30.7ms | ActiveRecord: 0.6ms)


Started GET "/posts/1" for ::1 at 2020-04-30 11:23:14 -0300
Processing by PostsController#show as HTML
  Parameters: {"id"=>"1"}
  [1m[36mPost Load (0.1ms)[0m  [1m[34mSELECT  "posts".* FROM "posts" WHERE "posts"."id" = ? LIMIT ?[0m  [["id", 1], ["LIMIT", 1]]
  ↳ app/controllers/posts_controller.rb:7
  Rendering posts/show.html.erb within layouts/application
  [1m[36mComment Load (0.1ms)[0m  [1m[34mSELECT "comments".* FROM "comments" WHERE "comments"."post_id" = ?[0m  [["post_id", 1]]
  ↳ app/views/comments/_comments.html.erb:2
  Rendered comments/_comments.html.erb (8.6ms)
  Rendered comments/_form.html.erb (1.9ms)
  Rendered posts/show.html.erb within layouts/application (12.5ms)
Completed 200 OK in 32ms (Views: 24.3ms | ActiveRecord: 1.3ms)


Started GET "/" for ::1 at 2020-04-30 11:23:18 -0300
Processing by PostsController#index as HTML
  Rendering posts/index.html.erb within layouts/application
  [1m[36mPost Load (0.4ms)[0m  [1m[34mSELECT "posts".* FROM "posts"[0m
  ↳ app/views/posts/index.html.erb:2
  Rendered posts/index.html.erb within layouts/application (3.6ms)
Completed 200 OK in 36ms (Views: 34.2ms | ActiveRecord: 0.4ms)


Started GET "/posts/1" for ::1 at 2020-04-30 11:23:20 -0300
Processing by PostsController#show as HTML
  Parameters: {"id"=>"1"}
  [1m[36mPost Load (0.5ms)[0m  [1m[34mSELECT  "posts".* FROM "posts" WHERE "posts"."id" = ? LIMIT ?[0m  [["id", 1], ["LIMIT", 1]]
  ↳ app/controllers/posts_controller.rb:7
  Rendering posts/show.html.erb within layouts/application
  [1m[36mComment Load (0.3ms)[0m  [1m[34mSELECT "comments".* FROM "comments" WHERE "comments"."post_id" = ?[0m  [["post_id", 1]]
  ↳ app/views/comments/_comments.html.erb:2
  Rendered comments/_comments.html.erb (3.5ms)
  Rendered comments/_form.html.erb (4.0ms)
  Rendered posts/show.html.erb within layouts/application (11.3ms)
Completed 200 OK in 40ms (Views: 33.3ms | ActiveRecord: 0.8ms)


Started GET "/" for ::1 at 2020-04-30 11:23:21 -0300
Processing by PostsController#index as HTML
  Rendering posts/index.html.erb within layouts/application
  [1m[36mPost Load (0.5ms)[0m  [1m[34mSELECT "posts".* FROM "posts"[0m
  ↳ app/views/posts/index.html.erb:2
  Rendered posts/index.html.erb within layouts/application (5.7ms)
Completed 200 OK in 41ms (Views: 36.9ms | ActiveRecord: 0.5ms)


Started GET "/posts/2" for ::1 at 2020-04-30 11:23:22 -0300
Processing by PostsController#show as HTML
  Parameters: {"id"=>"2"}
  [1m[36mPost Load (0.3ms)[0m  [1m[34mSELECT  "posts".* FROM "posts" WHERE "posts"."id" = ? LIMIT ?[0m  [["id", 2], ["LIMIT", 1]]
  ↳ app/controllers/posts_controller.rb:7
  Rendering posts/show.html.erb within layouts/application
  [1m[36mComment Load (0.2ms)[0m  [1m[34mSELECT "comments".* FROM "comments" WHERE "comments"."post_id" = ?[0m  [["post_id", 2]]
  ↳ app/views/comments/_comments.html.erb:2
  Rendered comments/_comments.html.erb (3.0ms)
  Rendered comments/_form.html.erb (3.7ms)
  Rendered posts/show.html.erb within layouts/application (11.6ms)
Completed 200 OK in 43ms (Views: 38.2ms | ActiveRecord: 0.5ms)


Started GET "/" for ::1 at 2020-04-30 11:23:23 -0300
Processing by PostsController#index as HTML
  Rendering posts/index.html.erb within layouts/application
  [1m[36mPost Load (0.1ms)[0m  [1m[34mSELECT "posts".* FROM "posts"[0m
  ↳ app/views/posts/index.html.erb:2
  Rendered posts/index.html.erb within layouts/application (1.2ms)
Completed 200 OK in 35ms (Views: 34.1ms | ActiveRecord: 0.1ms)


Started GET "/posts/1" for ::1 at 2020-04-30 11:23:24 -0300
Processing by PostsController#show as HTML
  Parameters: {"id"=>"1"}
  [1m[36mPost Load (0.5ms)[0m  [1m[34mSELECT  "posts".* FROM "posts" WHERE "posts"."id" = ? LIMIT ?[0m  [["id", 1], ["LIMIT", 1]]
  ↳ app/controllers/posts_controller.rb:7
  Rendering posts/show.html.erb within layouts/application
  [1m[36mComment Load (0.2ms)[0m  [1m[34mSELECT "comments".* FROM "comments" WHERE "comments"."post_id" = ?[0m  [["post_id", 1]]
  ↳ app/views/comments/_comments.html.erb:2
  Rendered comments/_comments.html.erb (3.1ms)
  Rendered comments/_form.html.erb (3.1ms)
  Rendered posts/show.html.erb within layouts/application (10.1ms)
Completed 200 OK in 39ms (Views: 32.3ms | ActiveRecord: 0.7ms)


Started GET "/posts/1" for ::1 at 2020-04-30 11:29:33 -0300
Processing by PostsController#show as HTML
  Parameters: {"id"=>"1"}
  [1m[36mPost Load (0.1ms)[0m  [1m[34mSELECT  "posts".* FROM "posts" WHERE "posts"."id" = ? LIMIT ?[0m  [["id", 1], ["LIMIT", 1]]
  ↳ app/controllers/posts_controller.rb:9
  Rendering posts/show.html.erb within layouts/application
  [1m[36mComment Load (0.1ms)[0m  [1m[34mSELECT "comments".* FROM "comments" WHERE "comments"."post_id" = ?[0m  [["post_id", 1]]
  ↳ app/views/comments/_comments.html.erb:2
  Rendered comments/_comments.html.erb (9.0ms)
  Rendered comments/_form.html.erb (1.7ms)
  Rendered posts/show.html.erb within layouts/application (12.1ms)
Completed 200 OK in 31ms (Views: 23.0ms | ActiveRecord: 1.1ms)


Started GET "/" for ::1 at 2020-04-30 11:30:03 -0300
Processing by PostsController#index as HTML
  Rendering posts/index.html.erb within layouts/application
  [1m[36mPost Load (0.2ms)[0m  [1m[34mSELECT "posts".* FROM "posts"[0m
  ↳ app/views/posts/index.html.erb:2
  Rendered posts/index.html.erb within layouts/application (1.9ms)
Completed 200 OK in 24ms (Views: 21.7ms | ActiveRecord: 0.2ms)


Started GET "/posts/1" for ::1 at 2020-04-30 11:30:04 -0300
Processing by PostsController#show as HTML
  Parameters: {"id"=>"1"}
  [1m[36mPost Load (0.4ms)[0m  [1m[34mSELECT  "posts".* FROM "posts" WHERE "posts"."id" = ? LIMIT ?[0m  [["id", 1], ["LIMIT", 1]]
  ↳ app/controllers/posts_controller.rb:9
  Rendering posts/show.html.erb within layouts/application
  [1m[36mComment Load (0.3ms)[0m  [1m[34mSELECT "comments".* FROM "comments" WHERE "comments"."post_id" = ?[0m  [["post_id", 1]]
  ↳ app/views/comments/_comments.html.erb:2
  Rendered comments/_comments.html.erb (3.9ms)
  Rendered comments/_form.html.erb (3.5ms)
  Rendered posts/show.html.erb within layouts/application (12.1ms)
Completed 200 OK in 40ms (Views: 34.8ms | ActiveRecord: 0.7ms)


Started GET "/posts/1" for ::1 at 2020-04-30 11:30:18 -0300
Processing by PostsController#show as HTML
  Parameters: {"id"=>"1"}
  [1m[36mPost Load (0.1ms)[0m  [1m[34mSELECT  "posts".* FROM "posts" WHERE "posts"."id" = ? LIMIT ?[0m  [["id", 1], ["LIMIT", 1]]
  ↳ app/controllers/posts_controller.rb:9
  Rendering posts/show.html.erb within layouts/application
  Rendered posts/show.html.erb within layouts/application (2.1ms)
Completed 500 Internal Server Error in 5ms (ActiveRecord: 0.1ms)


  
ActionView::Template::Error (Missing partial comments/__comments with {:locale=>[:en], :formats=>[:html], :variants=>[], :handlers=>[:raw, :erb, :html, :builder, :ruby, :coffee, :jbuilder]}. Searched in:
  * "/home/muriloroque/Desktop/Microverse/Ruby-On-Rails/Ruby-On-Rails-Training-App/simple_blog/app/views"
):
    5: <%= link_to "Delete", post_path(@post), method: :delete, data: {confirm: 'Are you sure?'}, :class => 'btn btn-danger' %>
    6: <hr>
    7: 
    8: <% render "comments/_comments" %>
    9: <% render "comments/_form" %>
  
app/views/posts/show.html.erb:8:in `_app_views_posts_show_html_erb___2974280057832397254_70288280972900'
Started GET "/posts/1" for ::1 at 2020-04-30 11:31:08 -0300
Processing by PostsController#show as HTML
  Parameters: {"id"=>"1"}
  [1m[36mPost Load (0.1ms)[0m  [1m[34mSELECT  "posts".* FROM "posts" WHERE "posts"."id" = ? LIMIT ?[0m  [["id", 1], ["LIMIT", 1]]
  ↳ app/controllers/posts_controller.rb:9
  Rendering posts/show.html.erb within layouts/application
  [1m[36mComment Load (0.1ms)[0m  [1m[34mSELECT "comments".* FROM "comments" WHERE "comments"."post_id" = ?[0m  [["post_id", 1]]
  ↳ app/views/comments/_comments.html.erb:2
  Rendered comments/_comments.html.erb (1.8ms)
  Rendered comments/_form.html.erb (1.8ms)
  Rendered posts/show.html.erb within layouts/application (5.6ms)
Completed 200 OK in 22ms (Views: 20.3ms | ActiveRecord: 0.2ms)


Started GET "/posts/1" for ::1 at 2020-04-30 11:31:27 -0300
Processing by PostsController#show as HTML
  Parameters: {"id"=>"1"}
  [1m[36mPost Load (0.3ms)[0m  [1m[34mSELECT  "posts".* FROM "posts" WHERE "posts"."id" = ? LIMIT ?[0m  [["id", 1], ["LIMIT", 1]]
  ↳ app/controllers/posts_controller.rb:9
  Rendering posts/show.html.erb within layouts/application
  Rendered posts/show.html.erb within layouts/application (4.8ms)
Completed 500 Internal Server Error in 15ms (ActiveRecord: 0.3ms)


  
ActionView::Template::Error (Missing partial views/comments/_comments with {:locale=>[:en], :formats=>[:html], :variants=>[], :handlers=>[:raw, :erb, :html, :builder, :ruby, :coffee, :jbuilder]}. Searched in:
  * "/home/muriloroque/Desktop/Microverse/Ruby-On-Rails/Ruby-On-Rails-Training-App/simple_blog/app/views"
):
    5: <%= link_to "Delete", post_path(@post), method: :delete, data: {confirm: 'Are you sure?'}, :class => 'btn btn-danger' %>
    6: <hr>
    7: 
    8: <% render "views/comments/comments" %>
    9: <% render "views/comments/form" %>
  
app/views/posts/show.html.erb:8:in `_app_views_posts_show_html_erb___2974280057832397254_70288362894740'
Started GET "/posts/1" for ::1 at 2020-04-30 11:31:34 -0300
Processing by PostsController#show as HTML
  Parameters: {"id"=>"1"}
  [1m[36mPost Load (0.1ms)[0m  [1m[34mSELECT  "posts".* FROM "posts" WHERE "posts"."id" = ? LIMIT ?[0m  [["id", 1], ["LIMIT", 1]]
  ↳ app/controllers/posts_controller.rb:9
  Rendering posts/show.html.erb within layouts/application
  [1m[36mComment Load (0.2ms)[0m  [1m[34mSELECT "comments".* FROM "comments" WHERE "comments"."post_id" = ?[0m  [["post_id", 1]]
  ↳ app/views/comments/_comments.html.erb:2
  Rendered comments/_comments.html.erb (2.4ms)
  Rendered comments/_form.html.erb (2.8ms)
  Rendered posts/show.html.erb within layouts/application (8.2ms)
Completed 200 OK in 28ms (Views: 25.8ms | ActiveRecord: 0.3ms)


Started GET "/posts/1" for ::1 at 2020-04-30 11:32:44 -0300
Processing by PostsController#show as HTML
  Parameters: {"id"=>"1"}
  [1m[36mPost Load (0.3ms)[0m  [1m[34mSELECT  "posts".* FROM "posts" WHERE "posts"."id" = ? LIMIT ?[0m  [["id", 1], ["LIMIT", 1]]
  ↳ app/controllers/posts_controller.rb:9
  Rendering posts/show.html.erb within layouts/application
  [1m[36mComment Load (0.2ms)[0m  [1m[34mSELECT "comments".* FROM "comments" WHERE "comments"."post_id" = ?[0m  [["post_id", 1]]
  ↳ app/views/comments/_comments.html.erb:2
  Rendered comments/_comments.html.erb (3.4ms)
  Rendered comments/_form.html.erb (3.0ms)
  Rendered posts/show.html.erb within layouts/application (10.4ms)
Completed 200 OK in 34ms (Views: 29.8ms | ActiveRecord: 0.6ms)


Started GET "/posts/1" for ::1 at 2020-04-30 11:32:52 -0300
Processing by PostsController#show as HTML
  Parameters: {"id"=>"1"}
  [1m[36mPost Load (0.3ms)[0m  [1m[34mSELECT  "posts".* FROM "posts" WHERE "posts"."id" = ? LIMIT ?[0m  [["id", 1], ["LIMIT", 1]]
  ↳ app/controllers/posts_controller.rb:9
  Rendering posts/show.html.erb within layouts/application
  [1m[36mComment Load (0.2ms)[0m  [1m[34mSELECT "comments".* FROM "comments" WHERE "comments"."post_id" = ?[0m  [["post_id", 1]]
  ↳ app/views/comments/_comments.html.erb:2
  Rendered comments/_comments.html.erb (3.8ms)
  Rendered comments/_form.html.erb (3.3ms)
  Rendered posts/show.html.erb within layouts/application (12.8ms)
Completed 200 OK in 39ms (Views: 33.8ms | ActiveRecord: 0.5ms)


Started DELETE "/posts/1/comments/1" for ::1 at 2020-04-30 11:32:57 -0300
Processing by CommentsController#destroy as HTML
  Parameters: {"authenticity_token"=>"BzrJ0AfwFo1b1RXMAmGp6yMdhKh2fxlKAYuJP3zqti+OyfTC8d4A4h+XBTQy+/IIG1i07jee/p5xj80flHmWeA==", "post_id"=>"1", "id"=>"1"}
Filter chain halted as #<Proc:0x00007fda8402fcb8@/home/muriloroque/.rbenv/versions/2.6.5/lib/ruby/gems/2.6.0/gems/actionpack-5.2.4.2/lib/action_controller/metal/http_authentication.rb:72> rendered or redirected
Completed 401 Unauthorized in 1ms (ActiveRecord: 0.0ms)


Started DELETE "/posts/1/comments/1" for ::1 at 2020-04-30 11:33:02 -0300
Processing by CommentsController#destroy as HTML
  Parameters: {"authenticity_token"=>"BzrJ0AfwFo1b1RXMAmGp6yMdhKh2fxlKAYuJP3zqti+OyfTC8d4A4h+XBTQy+/IIG1i07jee/p5xj80flHmWeA==", "post_id"=>"1", "id"=>"1"}
Filter chain halted as #<Proc:0x00007fda8402fcb8@/home/muriloroque/.rbenv/versions/2.6.5/lib/ruby/gems/2.6.0/gems/actionpack-5.2.4.2/lib/action_controller/metal/http_authentication.rb:72> rendered or redirected
Completed 401 Unauthorized in 2ms (ActiveRecord: 0.0ms)


Started GET "/posts/1" for ::1 at 2020-04-30 11:34:53 -0300
Processing by PostsController#show as HTML
  Parameters: {"id"=>"1"}
  [1m[36mPost Load (0.4ms)[0m  [1m[34mSELECT  "posts".* FROM "posts" WHERE "posts"."id" = ? LIMIT ?[0m  [["id", 1], ["LIMIT", 1]]
  ↳ app/controllers/posts_controller.rb:9
  Rendering posts/show.html.erb within layouts/application
  [1m[36mComment Load (0.3ms)[0m  [1m[34mSELECT "comments".* FROM "comments" WHERE "comments"."post_id" = ?[0m  [["post_id", 1]]
  ↳ app/views/comments/_comments.html.erb:2
  Rendered comments/_comments.html.erb (4.1ms)
  Rendered comments/_form.html.erb (4.9ms)
  Rendered posts/show.html.erb within layouts/application (13.8ms)
Completed 200 OK in 39ms (Views: 34.1ms | ActiveRecord: 0.7ms)


Started GET "/posts/1" for ::1 at 2020-04-30 11:36:09 -0300
Processing by PostsController#show as HTML
  Parameters: {"id"=>"1"}
  [1m[36mPost Load (0.4ms)[0m  [1m[34mSELECT  "posts".* FROM "posts" WHERE "posts"."id" = ? LIMIT ?[0m  [["id", 1], ["LIMIT", 1]]
  ↳ app/controllers/posts_controller.rb:9
  Rendering posts/show.html.erb within layouts/application
  [1m[36mComment Load (0.3ms)[0m  [1m[34mSELECT "comments".* FROM "comments" WHERE "comments"."post_id" = ?[0m  [["post_id", 1]]
  ↳ app/views/comments/_comments.html.erb:2
  Rendered comments/_comments.html.erb (4.8ms)
  Rendered comments/_form.html.erb (4.5ms)
  Rendered posts/show.html.erb within layouts/application (14.2ms)
Completed 200 OK in 39ms (Views: 33.7ms | ActiveRecord: 0.7ms)


Started GET "/posts/1" for ::1 at 2020-04-30 11:38:12 -0300
Processing by PostsController#show as HTML
  Parameters: {"id"=>"1"}
  [1m[36mPost Load (0.3ms)[0m  [1m[34mSELECT  "posts".* FROM "posts" WHERE "posts"."id" = ? LIMIT ?[0m  [["id", 1], ["LIMIT", 1]]
  ↳ app/controllers/posts_controller.rb:9
  Rendering posts/show.html.erb within layouts/application
  [1m[36mComment Load (0.3ms)[0m  [1m[34mSELECT "comments".* FROM "comments" WHERE "comments"."post_id" = ?[0m  [["post_id", 1]]
  ↳ app/views/comments/_comments.html.erb:2
  Rendered comments/_comments.html.erb (5.0ms)
  Rendered comments/_form.html.erb (5.8ms)
  Rendered posts/show.html.erb within layouts/application (16.5ms)
Completed 200 OK in 43ms (Views: 38.0ms | ActiveRecord: 0.6ms)


Started GET "/" for ::1 at 2020-04-30 11:38:16 -0300
Processing by PostsController#index as HTML
  Rendering posts/index.html.erb within layouts/application
  [1m[36mPost Load (0.3ms)[0m  [1m[34mSELECT "posts".* FROM "posts"[0m
  ↳ app/views/posts/index.html.erb:2
  Rendered posts/index.html.erb within layouts/application (3.4ms)
Completed 200 OK in 50ms (Views: 47.0ms | ActiveRecord: 0.3ms)


Started GET "/posts/1" for ::1 at 2020-04-30 11:38:17 -0300
Processing by PostsController#show as HTML
  Parameters: {"id"=>"1"}
  [1m[36mPost Load (0.3ms)[0m  [1m[34mSELECT  "posts".* FROM "posts" WHERE "posts"."id" = ? LIMIT ?[0m  [["id", 1], ["LIMIT", 1]]
  ↳ app/controllers/posts_controller.rb:9
  Rendering posts/show.html.erb within layouts/application
  [1m[36mComment Load (0.2ms)[0m  [1m[34mSELECT "comments".* FROM "comments" WHERE "comments"."post_id" = ?[0m  [["post_id", 1]]
  ↳ app/views/comments/_comments.html.erb:2
  Rendered comments/_comments.html.erb (3.2ms)
  Rendered comments/_form.html.erb (3.5ms)
  Rendered posts/show.html.erb within layouts/application (9.8ms)
Completed 200 OK in 35ms (Views: 30.7ms | ActiveRecord: 0.5ms)


Started GET "/" for ::1 at 2020-04-30 11:38:23 -0300
Processing by PostsController#index as HTML
  Rendering posts/index.html.erb within layouts/application
  [1m[36mPost Load (0.5ms)[0m  [1m[34mSELECT "posts".* FROM "posts"[0m
  ↳ app/views/posts/index.html.erb:2
  Rendered posts/index.html.erb within layouts/application (5.3ms)
Completed 200 OK in 44ms (Views: 40.8ms | ActiveRecord: 0.5ms)


Started GET "/posts/1/comments" for ::1 at 2020-04-30 11:38:37 -0300
  
AbstractController::ActionNotFound (The action 'index' could not be found for CommentsController):
  
actionpack (5.2.4.2) lib/abstract_controller/base.rb:129:in `process'
actionview (5.2.4.2) lib/action_view/rendering.rb:32:in `process'
actionpack (5.2.4.2) lib/action_controller/metal.rb:191:in `dispatch'
actionpack (5.2.4.2) lib/action_controller/metal.rb:252:in `dispatch'
actionpack (5.2.4.2) lib/action_dispatch/routing/route_set.rb:52:in `dispatch'
actionpack (5.2.4.2) lib/action_dispatch/routing/route_set.rb:34:in `serve'
actionpack (5.2.4.2) lib/action_dispatch/journey/router.rb:52:in `block in serve'
actionpack (5.2.4.2) lib/action_dispatch/journey/router.rb:35:in `each'
actionpack (5.2.4.2) lib/action_dispatch/journey/router.rb:35:in `serve'
actionpack (5.2.4.2) lib/action_dispatch/routing/route_set.rb:840:in `call'
rack (2.2.2) lib/rack/tempfile_reaper.rb:15:in `call'
rack (2.2.2) lib/rack/etag.rb:27:in `call'
rack (2.2.2) lib/rack/conditional_get.rb:27:in `call'
rack (2.2.2) lib/rack/head.rb:12:in `call'
actionpack (5.2.4.2) lib/action_dispatch/http/content_security_policy.rb:18:in `call'
rack (2.2.2) lib/rack/session/abstract/id.rb:266:in `context'
rack (2.2.2) lib/rack/session/abstract/id.rb:260:in `call'
actionpack (5.2.4.2) lib/action_dispatch/middleware/cookies.rb:670:in `call'
activerecord (5.2.4.2) lib/active_record/migration.rb:559:in `call'
actionpack (5.2.4.2) lib/action_dispatch/middleware/callbacks.rb:28:in `block in call'
activesupport (5.2.4.2) lib/active_support/callbacks.rb:98:in `run_callbacks'
actionpack (5.2.4.2) lib/action_dispatch/middleware/callbacks.rb:26:in `call'
actionpack (5.2.4.2) lib/action_dispatch/middleware/executor.rb:14:in `call'
actionpack (5.2.4.2) lib/action_dispatch/middleware/debug_exceptions.rb:61:in `call'
web-console (3.7.0) lib/web_console/middleware.rb:135:in `call_app'
web-console (3.7.0) lib/web_console/middleware.rb:30:in `block in call'
web-console (3.7.0) lib/web_console/middleware.rb:20:in `catch'
web-console (3.7.0) lib/web_console/middleware.rb:20:in `call'
actionpack (5.2.4.2) lib/action_dispatch/middleware/show_exceptions.rb:33:in `call'
railties (5.2.4.2) lib/rails/rack/logger.rb:38:in `call_app'
railties (5.2.4.2) lib/rails/rack/logger.rb:26:in `block in call'
activesupport (5.2.4.2) lib/active_support/tagged_logging.rb:71:in `block in tagged'
activesupport (5.2.4.2) lib/active_support/tagged_logging.rb:28:in `tagged'
activesupport (5.2.4.2) lib/active_support/tagged_logging.rb:71:in `tagged'
railties (5.2.4.2) lib/rails/rack/logger.rb:26:in `call'
sprockets-rails (3.2.1) lib/sprockets/rails/quiet_assets.rb:13:in `call'
actionpack (5.2.4.2) lib/action_dispatch/middleware/remote_ip.rb:81:in `call'
actionpack (5.2.4.2) lib/action_dispatch/middleware/request_id.rb:27:in `call'
rack (2.2.2) lib/rack/method_override.rb:24:in `call'
rack (2.2.2) lib/rack/runtime.rb:22:in `call'
activesupport (5.2.4.2) lib/active_support/cache/strategy/local_cache_middleware.rb:29:in `call'
actionpack (5.2.4.2) lib/action_dispatch/middleware/executor.rb:14:in `call'
actionpack (5.2.4.2) lib/action_dispatch/middleware/static.rb:127:in `call'
rack (2.2.2) lib/rack/sendfile.rb:110:in `call'
railties (5.2.4.2) lib/rails/engine.rb:524:in `call'
puma (3.12.4) lib/puma/configuration.rb:227:in `call'
puma (3.12.4) lib/puma/server.rb:675:in `handle_request'
puma (3.12.4) lib/puma/server.rb:476:in `process_client'
puma (3.12.4) lib/puma/server.rb:334:in `block in run'
puma (3.12.4) lib/puma/thread_pool.rb:135:in `block in spawn_thread'
Started GET "/" for ::1 at 2020-04-30 11:38:42 -0300
Processing by PostsController#index as HTML
  Rendering posts/index.html.erb within layouts/application
  [1m[36mPost Load (0.1ms)[0m  [1m[34mSELECT "posts".* FROM "posts"[0m
  ↳ app/views/posts/index.html.erb:2
  Rendered posts/index.html.erb within layouts/application (1.6ms)
Completed 200 OK in 19ms (Views: 17.3ms | ActiveRecord: 0.1ms)


Started GET "/" for ::1 at 2020-04-30 11:38:43 -0300
Processing by PostsController#index as HTML
  Rendering posts/index.html.erb within layouts/application
  [1m[36mPost Load (0.4ms)[0m  [1m[34mSELECT "posts".* FROM "posts"[0m
  ↳ app/views/posts/index.html.erb:2
  Rendered posts/index.html.erb within layouts/application (4.4ms)
Completed 200 OK in 41ms (Views: 38.8ms | ActiveRecord: 0.4ms)


Started GET "/" for ::1 at 2020-04-30 11:38:44 -0300
Processing by PostsController#index as HTML
  Rendering posts/index.html.erb within layouts/application
  [1m[36mPost Load (0.5ms)[0m  [1m[34mSELECT "posts".* FROM "posts"[0m
  ↳ app/views/posts/index.html.erb:2
  Rendered posts/index.html.erb within layouts/application (6.4ms)
Completed 200 OK in 37ms (Views: 33.5ms | ActiveRecord: 0.5ms)


Started GET "/posts/new" for ::1 at 2020-04-30 11:38:45 -0300
Processing by PostsController#new as HTML
Filter chain halted as #<Proc:0x00007fda91a004b0@/home/muriloroque/.rbenv/versions/2.6.5/lib/ruby/gems/2.6.0/gems/actionpack-5.2.4.2/lib/action_controller/metal/http_authentication.rb:72> rendered or redirected
Completed 401 Unauthorized in 2ms (ActiveRecord: 0.0ms)


Started GET "/" for ::1 at 2020-04-30 11:38:48 -0300
Processing by PostsController#index as HTML
  Rendering posts/index.html.erb within layouts/application
  [1m[36mPost Load (0.3ms)[0m  [1m[34mSELECT "posts".* FROM "posts"[0m
  ↳ app/views/posts/index.html.erb:2
  Rendered posts/index.html.erb within layouts/application (2.4ms)
Completed 200 OK in 39ms (Views: 37.5ms | ActiveRecord: 0.3ms)


  [1m[35m (0.1ms)[0m  [1m[34mSELECT "schema_migrations"."version" FROM "schema_migrations" ORDER BY "schema_migrations"."version" ASC[0m
  ↳ bin/rails:9
  [1m[36mActiveRecord::InternalMetadata Load (0.1ms)[0m  [1m[34mSELECT  "ar_internal_metadata".* FROM "ar_internal_metadata" WHERE "ar_internal_metadata"."key" = ? LIMIT ?[0m  [["key", "environment"], ["LIMIT", 1]]
  ↳ bin/rails:9
  [1m[35m (0.0ms)[0m  [1m[36mbegin transaction[0m
  ↳ bin/rails:9
  [1m[35m (0.0ms)[0m  [1m[36mcommit transaction[0m
  ↳ bin/rails:9
  [1m[35m (0.0ms)[0m  [1m[34mSELECT "schema_migrations"."version" FROM "schema_migrations" ORDER BY "schema_migrations"."version" ASC[0m
  ↳ bin/rails:9
Started GET "/" for ::1 at 2020-07-09 15:55:16 -0300
  [1m[35m (0.3ms)[0m  [1m[34mSELECT "schema_migrations"."version" FROM "schema_migrations" ORDER BY "schema_migrations"."version" ASC[0m
  ↳ /home/muriloroque/.rbenv/versions/2.6.5/lib/ruby/gems/2.6.0/gems/activerecord-5.2.4.2/lib/active_record/log_subscriber.rb:98
Processing by PostsController#index as HTML
  Rendering posts/index.html.erb within layouts/application
  [1m[36mPost Load (0.1ms)[0m  [1m[34mSELECT "posts".* FROM "posts"[0m
  ↳ app/views/posts/index.html.erb:2
  Rendered posts/index.html.erb within layouts/application (18.9ms)
Completed 200 OK in 6113ms (Views: 6103.5ms | ActiveRecord: 0.6ms)


